<?xml version="1.0" encoding="UTF-8"?>
<testsuite name="org.github.guide.service.impl.ComputeServiceImplTest" time="0.003" tests="1" errors="1" skipped="0" failures="0">
  <properties>
[...]
</properties>
  <testcase name="getHello" classname="org.github.guide.service.impl.ComputeServiceImplTest" time="0.003">
    <error message="Failed to load ApplicationContext" type="java.lang.IllegalStateException">java.lang.IllegalStateException: Failed to load ApplicationContext
	at org.springframework.test.context.cache.DefaultCacheAwareContextLoaderDelegate.loadContext(DefaultCacheAwareContextLoaderDelegate.java:124)
	at org.springframework.test.context.support.DefaultTestContext.getApplicationContext(DefaultTestContext.java:83)
	at org.springframework.boot.test.autoconfigure.SpringBootDependencyInjectionTestExecutionListener.prepareTestInstance(SpringBootDependencyInjectionTestExecutionListener.java:47)
	at org.springframework.test.context.TestContextManager.prepareTestInstance(TestContextManager.java:230)
	at org.springframework.test.context.junit4.SpringJUnit4ClassRunner.createTest(SpringJUnit4ClassRunner.java:228)
	at org.springframework.test.context.junit4.SpringJUnit4ClassRunner$1.runReflectiveCall(SpringJUnit4ClassRunner.java:287)
	at org.junit.internal.runners.model.ReflectiveCallable.run(ReflectiveCallable.java:12)
	at org.springframework.test.context.junit4.SpringJUnit4ClassRunner.methodBlock(SpringJUnit4ClassRunner.java:289)
	at org.springframework.test.context.junit4.SpringJUnit4ClassRunner.runChild(SpringJUnit4ClassRunner.java:247)
	at org.springframework.test.context.junit4.SpringJUnit4ClassRunner.runChild(SpringJUnit4ClassRunner.java:94)
	at org.junit.runners.ParentRunner$3.run(ParentRunner.java:290)
	at org.junit.runners.ParentRunner$1.schedule(ParentRunner.java:71)
	at org.junit.runners.ParentRunner.runChildren(ParentRunner.java:288)
	at org.junit.runners.ParentRunner.access$000(ParentRunner.java:58)
	at org.junit.runners.ParentRunner$2.evaluate(ParentRunner.java:268)
	at org.springframework.test.context.junit4.statements.RunBeforeTestClassCallbacks.evaluate(RunBeforeTestClassCallbacks.java:61)
	at org.springframework.test.context.junit4.statements.RunAfterTestClassCallbacks.evaluate(RunAfterTestClassCallbacks.java:70)
	at org.junit.runners.ParentRunner.run(ParentRunner.java:363)
	at org.springframework.test.context.junit4.SpringJUnit4ClassRunner.run(SpringJUnit4ClassRunner.java:191)
	at org.apache.maven.surefire.junit4.JUnit4Provider.execute(JUnit4Provider.java:283)
	at org.apache.maven.surefire.junit4.JUnit4Provider.executeWithRerun(JUnit4Provider.java:173)
	at org.apache.maven.surefire.junit4.JUnit4Provider.executeTestSet(JUnit4Provider.java:153)
	at org.apache.maven.surefire.junit4.JUnit4Provider.invoke(JUnit4Provider.java:128)
	at org.apache.maven.surefire.booter.ForkedBooter.invokeProviderInSameClassLoader(ForkedBooter.java:203)
	at org.apache.maven.surefire.booter.ForkedBooter.runSuitesInProcess(ForkedBooter.java:155)
	at org.apache.maven.surefire.booter.ForkedBooter.main(ForkedBooter.java:103)
Caused by: org.springframework.beans.factory.BeanCreationException: Error creating bean with name 'com.didispace.service.ComputeService': Cannot resolve reference to bean 'computeService' while setting bean property 'ref'; nested exception is org.springframework.beans.factory.CannotLoadBeanClassException: Cannot find class [com.didispace.service.impl.ComputeServiceImpl] for bean with name 'computeService' defined in class path resource [dubbo.xml]; nested exception is java.lang.ClassNotFoundException: com.didispace.service.impl.ComputeServiceImpl
	at org.springframework.beans.factory.support.BeanDefinitionValueResolver.resolveReference(BeanDefinitionValueResolver.java:359)
	at org.springframework.beans.factory.support.BeanDefinitionValueResolver.resolveValueIfNecessary(BeanDefinitionValueResolver.java:108)
	at org.springframework.beans.factory.support.AbstractAutowireCapableBeanFactory.applyPropertyValues(AbstractAutowireCapableBeanFactory.java:1486)
	at org.springframework.beans.factory.support.AbstractAutowireCapableBeanFactory.populateBean(AbstractAutowireCapableBeanFactory.java:1231)
	at org.springframework.beans.factory.support.AbstractAutowireCapableBeanFactory.doCreateBean(AbstractAutowireCapableBeanFactory.java:551)
	at org.springframework.beans.factory.support.AbstractAutowireCapableBeanFactory.createBean(AbstractAutowireCapableBeanFactory.java:482)
	at org.springframework.beans.factory.support.AbstractBeanFactory$1.getObject(AbstractBeanFactory.java:306)
	at org.springframework.beans.factory.support.DefaultSingletonBeanRegistry.getSingleton(DefaultSingletonBeanRegistry.java:230)
	at org.springframework.beans.factory.support.AbstractBeanFactory.doGetBean(AbstractBeanFactory.java:302)
	at org.springframework.beans.factory.support.AbstractBeanFactory.getBean(AbstractBeanFactory.java:197)
	at org.springframework.beans.factory.support.DefaultListableBeanFactory.preInstantiateSingletons(DefaultListableBeanFactory.java:754)
	at org.springframework.context.support.AbstractApplicationContext.finishBeanFactoryInitialization(AbstractApplicationContext.java:866)
	at org.springframework.context.support.AbstractApplicationContext.refresh(AbstractApplicationContext.java:542)
	at org.springframework.boot.SpringApplication.refresh(SpringApplication.java:761)
	at org.springframework.boot.SpringApplication.refreshContext(SpringApplication.java:371)
	at org.springframework.boot.SpringApplication.run(SpringApplication.java:315)
	at org.springframework.boot.test.context.SpringBootContextLoader.loadContext(SpringBootContextLoader.java:111)
	at org.springframework.test.context.cache.DefaultCacheAwareContextLoaderDelegate.loadContextInternal(DefaultCacheAwareContextLoaderDelegate.java:98)
	at org.springframework.test.context.cache.DefaultCacheAwareContextLoaderDelegate.loadContext(DefaultCacheAwareContextLoaderDelegate.java:116)
	at org.springframework.test.context.support.DefaultTestContext.getApplicationContext(DefaultTestContext.java:83)
	at org.springframework.boot.test.autoconfigure.SpringBootDependencyInjectionTestExecutionListener.prepareTestInstance(SpringBootDependencyInjectionTestExecutionListener.java:47)
	at org.springframework.test.context.TestContextManager.prepareTestInstance(TestContextManager.java:230)
	at org.springframework.test.context.junit4.SpringJUnit4ClassRunner.createTest(SpringJUnit4ClassRunner.java:228)
	at org.springframework.test.context.junit4.SpringJUnit4ClassRunner$1.runReflectiveCall(SpringJUnit4ClassRunner.java:287)
	at org.junit.internal.runners.model.ReflectiveCallable.run(ReflectiveCallable.java:12)
	at org.springframework.test.context.junit4.SpringJUnit4ClassRunner.methodBlock(SpringJUnit4ClassRunner.java:289)
	at org.springframework.test.context.junit4.SpringJUnit4ClassRunner.runChild(SpringJUnit4ClassRunner.java:247)
	at org.springframework.test.context.junit4.SpringJUnit4ClassRunner.runChild(SpringJUnit4ClassRunner.java:94)
	at org.junit.runners.ParentRunner$3.run(ParentRunner.java:290)
	at org.junit.runners.ParentRunner$1.schedule(ParentRunner.java:71)
	at org.junit.runners.ParentRunner.runChildren(ParentRunner.java:288)
	at org.junit.runners.ParentRunner.access$000(ParentRunner.java:58)
	at org.junit.runners.ParentRunner$2.evaluate(ParentRunner.java:268)
	at org.springframework.test.context.junit4.statements.RunBeforeTestClassCallbacks.evaluate(RunBeforeTestClassCallbacks.java:61)
	at org.springframework.test.context.junit4.statements.RunAfterTestClassCallbacks.evaluate(RunAfterTestClassCallbacks.java:70)
	at org.junit.runners.ParentRunner.run(ParentRunner.java:363)
	at org.springframework.test.context.junit4.SpringJUnit4ClassRunner.run(SpringJUnit4ClassRunner.java:191)
	at org.apache.maven.surefire.junit4.JUnit4Provider.execute(JUnit4Provider.java:283)
	at org.apache.maven.surefire.junit4.JUnit4Provider.executeWithRerun(JUnit4Provider.java:173)
	at org.apache.maven.surefire.junit4.JUnit4Provider.executeTestSet(JUnit4Provider.java:153)
	at org.apache.maven.surefire.junit4.JUnit4Provider.invoke(JUnit4Provider.java:128)
	at org.apache.maven.surefire.booter.ForkedBooter.invokeProviderInSameClassLoader(ForkedBooter.java:203)
	at org.apache.maven.surefire.booter.ForkedBooter.runSuitesInProcess(ForkedBooter.java:155)
	at org.apache.maven.surefire.booter.ForkedBooter.main(ForkedBooter.java:103)
Caused by: org.springframework.beans.factory.CannotLoadBeanClassException: Cannot find class [com.didispace.service.impl.ComputeServiceImpl] for bean with name 'computeService' defined in class path resource [dubbo.xml]; nested exception is java.lang.ClassNotFoundException: com.didispace.service.impl.ComputeServiceImpl
	at org.springframework.beans.factory.support.AbstractBeanFactory.resolveBeanClass(AbstractBeanFactory.java:1361)
	at org.springframework.beans.factory.support.AbstractAutowireCapableBeanFactory.createBean(AbstractAutowireCapableBeanFactory.java:455)
	at org.springframework.beans.factory.support.AbstractBeanFactory$1.getObject(AbstractBeanFactory.java:306)
	at org.springframework.beans.factory.support.DefaultSingletonBeanRegistry.getSingleton(DefaultSingletonBeanRegistry.java:230)
	at org.springframework.beans.factory.support.AbstractBeanFactory.doGetBean(AbstractBeanFactory.java:302)
	at org.springframework.beans.factory.support.AbstractBeanFactory.getBean(AbstractBeanFactory.java:197)
	at org.springframework.beans.factory.support.BeanDefinitionValueResolver.resolveReference(BeanDefinitionValueResolver.java:351)
	at org.springframework.beans.factory.support.BeanDefinitionValueResolver.resolveValueIfNecessary(BeanDefinitionValueResolver.java:108)
	at org.springframework.beans.factory.support.AbstractAutowireCapableBeanFactory.applyPropertyValues(AbstractAutowireCapableBeanFactory.java:1486)
	at org.springframework.beans.factory.support.AbstractAutowireCapableBeanFactory.populateBean(AbstractAutowireCapableBeanFactory.java:1231)
	at org.springframework.beans.factory.support.AbstractAutowireCapableBeanFactory.doCreateBean(AbstractAutowireCapableBeanFactory.java:551)
	at org.springframework.beans.factory.support.AbstractAutowireCapableBeanFactory.createBean(AbstractAutowireCapableBeanFactory.java:482)
	at org.springframework.beans.factory.support.AbstractBeanFactory$1.getObject(AbstractBeanFactory.java:306)
	at org.springframework.beans.factory.support.DefaultSingletonBeanRegistry.getSingleton(DefaultSingletonBeanRegistry.java:230)
	at org.springframework.beans.factory.support.AbstractBeanFactory.doGetBean(AbstractBeanFactory.java:302)
	at org.springframework.beans.factory.support.AbstractBeanFactory.getBean(AbstractBeanFactory.java:197)
	at org.springframework.beans.factory.support.DefaultListableBeanFactory.preInstantiateSingletons(DefaultListableBeanFactory.java:754)
	at org.springframework.context.support.AbstractApplicationContext.finishBeanFactoryInitialization(AbstractApplicationContext.java:866)
	at org.springframework.context.support.AbstractApplicationContext.refresh(AbstractApplicationContext.java:542)
	at org.springframework.boot.SpringApplication.refresh(SpringApplication.java:761)
	at org.springframework.boot.SpringApplication.refreshContext(SpringApplication.java:371)
	at org.springframework.boot.SpringApplication.run(SpringApplication.java:315)
	at org.springframework.boot.test.context.SpringBootContextLoader.loadContext(SpringBootContextLoader.java:111)
	at org.springframework.test.context.cache.DefaultCacheAwareContextLoaderDelegate.loadContextInternal(DefaultCacheAwareContextLoaderDelegate.java:98)
	at org.springframework.test.context.cache.DefaultCacheAwareContextLoaderDelegate.loadContext(DefaultCacheAwareContextLoaderDelegate.java:116)
	at org.springframework.test.context.support.DefaultTestContext.getApplicationContext(DefaultTestContext.java:83)
	at org.springframework.boot.test.autoconfigure.SpringBootDependencyInjectionTestExecutionListener.prepareTestInstance(SpringBootDependencyInjectionTestExecutionListener.java:47)
	at org.springframework.test.context.TestContextManager.prepareTestInstance(TestContextManager.java:230)
	at org.springframework.test.context.junit4.SpringJUnit4ClassRunner.createTest(SpringJUnit4ClassRunner.java:228)
	at org.springframework.test.context.junit4.SpringJUnit4ClassRunner$1.runReflectiveCall(SpringJUnit4ClassRunner.java:287)
	at org.junit.internal.runners.model.ReflectiveCallable.run(ReflectiveCallable.java:12)
	at org.springframework.test.context.junit4.SpringJUnit4ClassRunner.methodBlock(SpringJUnit4ClassRunner.java:289)
	at org.springframework.test.context.junit4.SpringJUnit4ClassRunner.runChild(SpringJUnit4ClassRunner.java:247)
	at org.springframework.test.context.junit4.SpringJUnit4ClassRunner.runChild(SpringJUnit4ClassRunner.java:94)
	at org.junit.runners.ParentRunner$3.run(ParentRunner.java:290)
	at org.junit.runners.ParentRunner$1.schedule(ParentRunner.java:71)
	at org.junit.runners.ParentRunner.runChildren(ParentRunner.java:288)
	at org.junit.runners.ParentRunner.access$000(ParentRunner.java:58)
	at org.junit.runners.ParentRunner$2.evaluate(ParentRunner.java:268)
	at org.springframework.test.context.junit4.statements.RunBeforeTestClassCallbacks.evaluate(RunBeforeTestClassCallbacks.java:61)
	at org.springframework.test.context.junit4.statements.RunAfterTestClassCallbacks.evaluate(RunAfterTestClassCallbacks.java:70)
	at org.junit.runners.ParentRunner.run(ParentRunner.java:363)
	at org.springframework.test.context.junit4.SpringJUnit4ClassRunner.run(SpringJUnit4ClassRunner.java:191)
	at org.apache.maven.surefire.junit4.JUnit4Provider.execute(JUnit4Provider.java:283)
	at org.apache.maven.surefire.junit4.JUnit4Provider.executeWithRerun(JUnit4Provider.java:173)
	at org.apache.maven.surefire.junit4.JUnit4Provider.executeTestSet(JUnit4Provider.java:153)
	at org.apache.maven.surefire.junit4.JUnit4Provider.invoke(JUnit4Provider.java:128)
	at org.apache.maven.surefire.booter.ForkedBooter.invokeProviderInSameClassLoader(ForkedBooter.java:203)
	at org.apache.maven.surefire.booter.ForkedBooter.runSuitesInProcess(ForkedBooter.java:155)
	at org.apache.maven.surefire.booter.ForkedBooter.main(ForkedBooter.java:103)
Caused by: java.lang.ClassNotFoundException: com.didispace.service.impl.ComputeServiceImpl
	at java.net.URLClassLoader.findClass(URLClassLoader.java:381)
	at java.lang.ClassLoader.loadClass(ClassLoader.java:424)
	at sun.misc.Launcher$AppClassLoader.loadClass(Launcher.java:331)
	at java.lang.ClassLoader.loadClass(ClassLoader.java:357)
	at org.springframework.util.ClassUtils.forName(ClassUtils.java:250)
	at org.springframework.beans.factory.support.AbstractBeanDefinition.resolveBeanClass(AbstractBeanDefinition.java:394)
	at org.springframework.beans.factory.support.AbstractBeanFactory.doResolveBeanClass(AbstractBeanFactory.java:1408)
	at org.springframework.beans.factory.support.AbstractBeanFactory.resolveBeanClass(AbstractBeanFactory.java:1353)
	at org.springframework.beans.factory.support.AbstractAutowireCapableBeanFactory.createBean(AbstractAutowireCapableBeanFactory.java:455)
	at org.springframework.beans.factory.support.AbstractBeanFactory$1.getObject(AbstractBeanFactory.java:306)
	at org.springframework.beans.factory.support.DefaultSingletonBeanRegistry.getSingleton(DefaultSingletonBeanRegistry.java:230)
	at org.springframework.beans.factory.support.AbstractBeanFactory.doGetBean(AbstractBeanFactory.java:302)
	at org.springframework.beans.factory.support.AbstractBeanFactory.getBean(AbstractBeanFactory.java:197)
	at org.springframework.beans.factory.support.BeanDefinitionValueResolver.resolveReference(BeanDefinitionValueResolver.java:351)
	at org.springframework.beans.factory.support.BeanDefinitionValueResolver.resolveValueIfNecessary(BeanDefinitionValueResolver.java:108)
	at org.springframework.beans.factory.support.AbstractAutowireCapableBeanFactory.applyPropertyValues(AbstractAutowireCapableBeanFactory.java:1486)
	at org.springframework.beans.factory.support.AbstractAutowireCapableBeanFactory.populateBean(AbstractAutowireCapableBeanFactory.java:1231)
	at org.springframework.beans.factory.support.AbstractAutowireCapableBeanFactory.doCreateBean(AbstractAutowireCapableBeanFactory.java:551)
	at org.springframework.beans.factory.support.AbstractAutowireCapableBeanFactory.createBean(AbstractAutowireCapableBeanFactory.java:482)
	at org.springframework.beans.factory.support.AbstractBeanFactory$1.getObject(AbstractBeanFactory.java:306)
	at org.springframework.beans.factory.support.DefaultSingletonBeanRegistry.getSingleton(DefaultSingletonBeanRegistry.java:230)
	at org.springframework.beans.factory.support.AbstractBeanFactory.doGetBean(AbstractBeanFactory.java:302)
	at org.springframework.beans.factory.support.AbstractBeanFactory.getBean(AbstractBeanFactory.java:197)
	at org.springframework.beans.factory.support.DefaultListableBeanFactory.preInstantiateSingletons(DefaultListableBeanFactory.java:754)
	at org.springframework.context.support.AbstractApplicationContext.finishBeanFactoryInitialization(AbstractApplicationContext.java:866)
	at org.springframework.context.support.AbstractApplicationContext.refresh(AbstractApplicationContext.java:542)
	at org.springframework.boot.SpringApplication.refresh(SpringApplication.java:761)
	at org.springframework.boot.SpringApplication.refreshContext(SpringApplication.java:371)
	at org.springframework.boot.SpringApplication.run(SpringApplication.java:315)
	at org.springframework.boot.test.context.SpringBootContextLoader.loadContext(SpringBootContextLoader.java:111)
	at org.springframework.test.context.cache.DefaultCacheAwareContextLoaderDelegate.loadContextInternal(DefaultCacheAwareContextLoaderDelegate.java:98)
	at org.springframework.test.context.cache.DefaultCacheAwareContextLoaderDelegate.loadContext(DefaultCacheAwareContextLoaderDelegate.java:116)
	at org.springframework.test.context.support.DefaultTestContext.getApplicationContext(DefaultTestContext.java:83)
	at org.springframework.boot.test.autoconfigure.SpringBootDependencyInjectionTestExecutionListener.prepareTestInstance(SpringBootDependencyInjectionTestExecutionListener.java:47)
	at org.springframework.test.context.TestContextManager.prepareTestInstance(TestContextManager.java:230)
	at org.springframework.test.context.junit4.SpringJUnit4ClassRunner.createTest(SpringJUnit4ClassRunner.java:228)
	at org.springframework.test.context.junit4.SpringJUnit4ClassRunner$1.runReflectiveCall(SpringJUnit4ClassRunner.java:287)
	at org.junit.internal.runners.model.ReflectiveCallable.run(ReflectiveCallable.java:12)
	at org.springframework.test.context.junit4.SpringJUnit4ClassRunner.methodBlock(SpringJUnit4ClassRunner.java:289)
	at org.springframework.test.context.junit4.SpringJUnit4ClassRunner.runChild(SpringJUnit4ClassRunner.java:247)
	at org.springframework.test.context.junit4.SpringJUnit4ClassRunner.runChild(SpringJUnit4ClassRunner.java:94)
	at org.junit.runners.ParentRunner$3.run(ParentRunner.java:290)
	at org.junit.runners.ParentRunner$1.schedule(ParentRunner.java:71)
	at org.junit.runners.ParentRunner.runChildren(ParentRunner.java:288)
	at org.junit.runners.ParentRunner.access$000(ParentRunner.java:58)
	at org.junit.runners.ParentRunner$2.evaluate(ParentRunner.java:268)
	at org.springframework.test.context.junit4.statements.RunBeforeTestClassCallbacks.evaluate(RunBeforeTestClassCallbacks.java:61)
	at org.springframework.test.context.junit4.statements.RunAfterTestClassCallbacks.evaluate(RunAfterTestClassCallbacks.java:70)
	at org.junit.runners.ParentRunner.run(ParentRunner.java:363)
	at org.springframework.test.context.junit4.SpringJUnit4ClassRunner.run(SpringJUnit4ClassRunner.java:191)
	at org.apache.maven.surefire.junit4.JUnit4Provider.execute(JUnit4Provider.java:283)
	at org.apache.maven.surefire.junit4.JUnit4Provider.executeWithRerun(JUnit4Provider.java:173)
	at org.apache.maven.surefire.junit4.JUnit4Provider.executeTestSet(JUnit4Provider.java:153)
	at org.apache.maven.surefire.junit4.JUnit4Provider.invoke(JUnit4Provider.java:128)
	at org.apache.maven.surefire.booter.ForkedBooter.invokeProviderInSameClassLoader(ForkedBooter.java:203)
	at org.apache.maven.surefire.booter.ForkedBooter.runSuitesInProcess(ForkedBooter.java:155)
	at org.apache.maven.surefire.booter.ForkedBooter.main(ForkedBooter.java:103)
</error>
    <system-out><![CDATA[00:38:55.906 [main] DEBUG org.springframework.test.context.junit4.SpringJUnit4ClassRunner - SpringJUnit4ClassRunner constructor called with [class org.github.guide.service.impl.ComputeServiceImplTest]
00:38:55.914 [main] DEBUG org.springframework.test.context.BootstrapUtils - Instantiating CacheAwareContextLoaderDelegate from class [org.springframework.test.context.cache.DefaultCacheAwareContextLoaderDelegate]
00:38:55.933 [main] DEBUG org.springframework.test.context.BootstrapUtils - Instantiating BootstrapContext using constructor [public org.springframework.test.context.support.DefaultBootstrapContext(java.lang.Class,org.springframework.test.context.CacheAwareContextLoaderDelegate)]
00:38:55.962 [main] DEBUG org.springframework.test.context.BootstrapUtils - Instantiating TestContextBootstrapper for test class [org.github.guide.service.impl.ComputeServiceImplTest] from class [org.springframework.boot.test.context.SpringBootTestContextBootstrapper]
00:38:55.980 [main] INFO org.springframework.boot.test.context.SpringBootTestContextBootstrapper - Neither @ContextConfiguration nor @ContextHierarchy found for test class [org.github.guide.service.impl.ComputeServiceImplTest], using SpringBootContextLoader
00:38:55.984 [main] DEBUG org.springframework.test.context.support.AbstractContextLoader - Did not detect default resource location for test class [org.github.guide.service.impl.ComputeServiceImplTest]: class path resource [org/github/guide/service/impl/ComputeServiceImplTest-context.xml] does not exist
00:38:55.985 [main] DEBUG org.springframework.test.context.support.AbstractContextLoader - Did not detect default resource location for test class [org.github.guide.service.impl.ComputeServiceImplTest]: class path resource [org/github/guide/service/impl/ComputeServiceImplTestContext.groovy] does not exist
00:38:55.985 [main] INFO org.springframework.test.context.support.AbstractContextLoader - Could not detect default resource locations for test class [org.github.guide.service.impl.ComputeServiceImplTest]: no resource found for suffixes {-context.xml, Context.groovy}.
00:38:56.035 [main] DEBUG org.springframework.test.context.support.ActiveProfilesUtils - Could not find an 'annotation declaring class' for annotation type [org.springframework.test.context.ActiveProfiles] and class [org.github.guide.service.impl.ComputeServiceImplTest]
00:38:56.082 [main] DEBUG org.springframework.boot.test.context.SpringBootTestContextBootstrapper - @TestExecutionListeners is not present for class [org.github.guide.service.impl.ComputeServiceImplTest]: using defaults.
00:38:56.086 [main] INFO org.springframework.boot.test.context.SpringBootTestContextBootstrapper - Loaded default TestExecutionListener class names from location [META-INF/spring.factories]: [org.springframework.boot.test.mock.mockito.MockitoTestExecutionListener, org.springframework.boot.test.mock.mockito.ResetMocksTestExecutionListener, org.springframework.boot.test.autoconfigure.restdocs.RestDocsTestExecutionListener, org.springframework.boot.test.autoconfigure.web.client.MockRestServiceServerResetTestExecutionListener, org.springframework.boot.test.autoconfigure.web.servlet.MockMvcPrintOnlyOnFailureTestExecutionListener, org.springframework.boot.test.autoconfigure.web.servlet.WebDriverTestExecutionListener, org.springframework.test.context.web.ServletTestExecutionListener, org.springframework.test.context.support.DirtiesContextBeforeModesTestExecutionListener, org.springframework.test.context.support.DependencyInjectionTestExecutionListener, org.springframework.test.context.support.DirtiesContextTestExecutionListener, org.springframework.test.context.transaction.TransactionalTestExecutionListener, org.springframework.test.context.jdbc.SqlScriptsTestExecutionListener]
00:38:56.097 [main] INFO org.springframework.boot.test.context.SpringBootTestContextBootstrapper - Could not instantiate TestExecutionListener [org.springframework.test.context.jdbc.SqlScriptsTestExecutionListener]. Specify custom listener classes or make the default listener classes (and their required dependencies) available. Offending class: [org/springframework/transaction/interceptor/TransactionAttribute]
00:38:56.099 [main] INFO org.springframework.boot.test.context.SpringBootTestContextBootstrapper - Could not instantiate TestExecutionListener [org.springframework.test.context.transaction.TransactionalTestExecutionListener]. Specify custom listener classes or make the default listener classes (and their required dependencies) available. Offending class: [org/springframework/transaction/interceptor/TransactionAttributeSource]
00:38:56.099 [main] INFO org.springframework.boot.test.context.SpringBootTestContextBootstrapper - Could not instantiate TestExecutionListener [org.springframework.test.context.web.ServletTestExecutionListener]. Specify custom listener classes or make the default listener classes (and their required dependencies) available. Offending class: [javax/servlet/ServletContext]
00:38:56.101 [main] INFO org.springframework.boot.test.context.SpringBootTestContextBootstrapper - Using TestExecutionListeners: [org.springframework.test.context.support.DirtiesContextBeforeModesTestExecutionListener@7d70d1b1, org.springframework.boot.test.autoconfigure.SpringBootDependencyInjectionTestExecutionListener@2a742aa2, org.springframework.test.context.support.DirtiesContextTestExecutionListener@3cb1ffe6, org.springframework.boot.test.autoconfigure.web.servlet.MockMvcPrintOnlyOnFailureTestExecutionListener@3dfc5fb8, org.springframework.boot.test.autoconfigure.restdocs.RestDocsTestExecutionListener@467aecef, org.springframework.boot.test.mock.mockito.MockitoTestExecutionListener@4d50efb8, org.springframework.boot.test.mock.mockito.ResetMocksTestExecutionListener@7e2d773b, org.springframework.boot.test.autoconfigure.web.servlet.WebDriverTestExecutionListener@2173f6d9, org.springframework.boot.test.autoconfigure.web.client.MockRestServiceServerResetTestExecutionListener@307f6b8c]
00:38:56.105 [main] DEBUG org.springframework.test.annotation.ProfileValueUtils - Retrieved @ProfileValueSourceConfiguration [null] for test class [org.github.guide.service.impl.ComputeServiceImplTest]
00:38:56.106 [main] DEBUG org.springframework.test.annotation.ProfileValueUtils - Retrieved ProfileValueSource type [class org.springframework.test.annotation.SystemProfileValueSource] for class [org.github.guide.service.impl.ComputeServiceImplTest]
00:38:56.109 [main] DEBUG org.springframework.test.context.junit4.SpringJUnit4ClassRunner - SpringJUnit4ClassRunner constructor called with [class org.github.guide.service.impl.ComputeServiceImplTest]
00:38:56.109 [main] DEBUG org.springframework.test.context.BootstrapUtils - Instantiating CacheAwareContextLoaderDelegate from class [org.springframework.test.context.cache.DefaultCacheAwareContextLoaderDelegate]
00:38:56.110 [main] DEBUG org.springframework.test.context.BootstrapUtils - Instantiating BootstrapContext using constructor [public org.springframework.test.context.support.DefaultBootstrapContext(java.lang.Class,org.springframework.test.context.CacheAwareContextLoaderDelegate)]
00:38:56.111 [main] DEBUG org.springframework.test.context.BootstrapUtils - Instantiating TestContextBootstrapper for test class [org.github.guide.service.impl.ComputeServiceImplTest] from class [org.springframework.boot.test.context.SpringBootTestContextBootstrapper]
00:38:56.112 [main] INFO org.springframework.boot.test.context.SpringBootTestContextBootstrapper - Neither @ContextConfiguration nor @ContextHierarchy found for test class [org.github.guide.service.impl.ComputeServiceImplTest], using SpringBootContextLoader
00:38:56.113 [main] DEBUG org.springframework.test.context.support.AbstractContextLoader - Did not detect default resource location for test class [org.github.guide.service.impl.ComputeServiceImplTest]: class path resource [org/github/guide/service/impl/ComputeServiceImplTest-context.xml] does not exist
00:38:56.113 [main] DEBUG org.springframework.test.context.support.AbstractContextLoader - Did not detect default resource location for test class [org.github.guide.service.impl.ComputeServiceImplTest]: class path resource [org/github/guide/service/impl/ComputeServiceImplTestContext.groovy] does not exist
00:38:56.113 [main] INFO org.springframework.test.context.support.AbstractContextLoader - Could not detect default resource locations for test class [org.github.guide.service.impl.ComputeServiceImplTest]: no resource found for suffixes {-context.xml, Context.groovy}.
00:38:56.134 [main] DEBUG org.springframework.test.context.support.ActiveProfilesUtils - Could not find an 'annotation declaring class' for annotation type [org.springframework.test.context.ActiveProfiles] and class [org.github.guide.service.impl.ComputeServiceImplTest]
00:38:56.141 [main] DEBUG org.springframework.boot.test.context.SpringBootTestContextBootstrapper - @TestExecutionListeners is not present for class [org.github.guide.service.impl.ComputeServiceImplTest]: using defaults.
00:38:56.145 [main] INFO org.springframework.boot.test.context.SpringBootTestContextBootstrapper - Loaded default TestExecutionListener class names from location [META-INF/spring.factories]: [org.springframework.boot.test.mock.mockito.MockitoTestExecutionListener, org.springframework.boot.test.mock.mockito.ResetMocksTestExecutionListener, org.springframework.boot.test.autoconfigure.restdocs.RestDocsTestExecutionListener, org.springframework.boot.test.autoconfigure.web.client.MockRestServiceServerResetTestExecutionListener, org.springframework.boot.test.autoconfigure.web.servlet.MockMvcPrintOnlyOnFailureTestExecutionListener, org.springframework.boot.test.autoconfigure.web.servlet.WebDriverTestExecutionListener, org.springframework.test.context.web.ServletTestExecutionListener, org.springframework.test.context.support.DirtiesContextBeforeModesTestExecutionListener, org.springframework.test.context.support.DependencyInjectionTestExecutionListener, org.springframework.test.context.support.DirtiesContextTestExecutionListener, org.springframework.test.context.transaction.TransactionalTestExecutionListener, org.springframework.test.context.jdbc.SqlScriptsTestExecutionListener]
00:38:56.151 [main] INFO org.springframework.boot.test.context.SpringBootTestContextBootstrapper - Could not instantiate TestExecutionListener [org.springframework.test.context.jdbc.SqlScriptsTestExecutionListener]. Specify custom listener classes or make the default listener classes (and their required dependencies) available. Offending class: [org/springframework/transaction/interceptor/TransactionAttribute]
00:38:56.153 [main] INFO org.springframework.boot.test.context.SpringBootTestContextBootstrapper - Could not instantiate TestExecutionListener [org.springframework.test.context.transaction.TransactionalTestExecutionListener]. Specify custom listener classes or make the default listener classes (and their required dependencies) available. Offending class: [org/springframework/transaction/interceptor/TransactionAttributeSource]
00:38:56.154 [main] INFO org.springframework.boot.test.context.SpringBootTestContextBootstrapper - Could not instantiate TestExecutionListener [org.springframework.test.context.web.ServletTestExecutionListener]. Specify custom listener classes or make the default listener classes (and their required dependencies) available. Offending class: [javax/servlet/ServletContext]
00:38:56.155 [main] INFO org.springframework.boot.test.context.SpringBootTestContextBootstrapper - Using TestExecutionListeners: [org.springframework.test.context.support.DirtiesContextBeforeModesTestExecutionListener@11758f2a, org.springframework.boot.test.autoconfigure.SpringBootDependencyInjectionTestExecutionListener@e720b71, org.springframework.test.context.support.DirtiesContextTestExecutionListener@1b26f7b2, org.springframework.boot.test.autoconfigure.web.servlet.MockMvcPrintOnlyOnFailureTestExecutionListener@491cc5c9, org.springframework.boot.test.autoconfigure.restdocs.RestDocsTestExecutionListener@74ad1f1f, org.springframework.boot.test.mock.mockito.MockitoTestExecutionListener@6a1aab78, org.springframework.boot.test.mock.mockito.ResetMocksTestExecutionListener@462d5aee, org.springframework.boot.test.autoconfigure.web.servlet.WebDriverTestExecutionListener@69b0fd6f, org.springframework.boot.test.autoconfigure.web.client.MockRestServiceServerResetTestExecutionListener@757942a1]
00:38:56.156 [main] DEBUG org.springframework.test.annotation.ProfileValueUtils - Retrieved @ProfileValueSourceConfiguration [null] for test class [org.github.guide.service.impl.ComputeServiceImplTest]
00:38:56.156 [main] DEBUG org.springframework.test.annotation.ProfileValueUtils - Retrieved ProfileValueSource type [class org.springframework.test.annotation.SystemProfileValueSource] for class [org.github.guide.service.impl.ComputeServiceImplTest]
00:38:56.159 [main] DEBUG org.springframework.test.annotation.ProfileValueUtils - Retrieved @ProfileValueSourceConfiguration [null] for test class [org.github.guide.service.impl.ComputeServiceImplTest]
00:38:56.159 [main] DEBUG org.springframework.test.annotation.ProfileValueUtils - Retrieved ProfileValueSource type [class org.springframework.test.annotation.SystemProfileValueSource] for class [org.github.guide.service.impl.ComputeServiceImplTest]
00:38:56.167 [main] DEBUG org.springframework.test.context.support.AbstractDirtiesContextTestExecutionListener - Before test class: context [DefaultTestContext@cb0ed20 testClass = ComputeServiceImplTest, testInstance = [null], testMethod = [null], testException = [null], mergedContextConfiguration = [MergedContextConfiguration@8e24743 testClass = ComputeServiceImplTest, locations = '{}', classes = '{class org.github.guide.Application, class org.github.guide.Application}', contextInitializerClasses = '[]', activeProfiles = '{}', propertySourceLocations = '{}', propertySourceProperties = '{org.springframework.boot.test.context.SpringBootTestContextBootstrapper=true}', contextCustomizers = set[org.springframework.boot.test.context.SpringBootTestContextCustomizer@73ad2d6, org.springframework.boot.test.context.filter.ExcludeFilterContextCustomizer@5700d6b1, org.springframework.boot.test.mock.mockito.MockitoContextCustomizer@0, org.springframework.boot.test.autoconfigure.properties.PropertyMappingContextCustomizer@0, org.springframework.boot.test.autoconfigure.web.servlet.WebDriverContextCustomizerFactory$Customizer@3c0f93f1], contextLoader = 'org.springframework.boot.test.context.SpringBootContextLoader', parent = [null]]], class annotated with @DirtiesContext [false] with mode [null].
00:38:56.167 [main] DEBUG org.springframework.test.annotation.ProfileValueUtils - Retrieved @ProfileValueSourceConfiguration [null] for test class [org.github.guide.service.impl.ComputeServiceImplTest]
00:38:56.168 [main] DEBUG org.springframework.test.annotation.ProfileValueUtils - Retrieved ProfileValueSource type [class org.springframework.test.annotation.SystemProfileValueSource] for class [org.github.guide.service.impl.ComputeServiceImplTest]
00:38:56.169 [main] DEBUG org.springframework.test.context.support.DependencyInjectionTestExecutionListener - Performing dependency injection for test context [[DefaultTestContext@cb0ed20 testClass = ComputeServiceImplTest, testInstance = org.github.guide.service.impl.ComputeServiceImplTest@13eb8acf, testMethod = [null], testException = [null], mergedContextConfiguration = [MergedContextConfiguration@8e24743 testClass = ComputeServiceImplTest, locations = '{}', classes = '{class org.github.guide.Application, class org.github.guide.Application}', contextInitializerClasses = '[]', activeProfiles = '{}', propertySourceLocations = '{}', propertySourceProperties = '{org.springframework.boot.test.context.SpringBootTestContextBootstrapper=true}', contextCustomizers = set[org.springframework.boot.test.context.SpringBootTestContextCustomizer@73ad2d6, org.springframework.boot.test.context.filter.ExcludeFilterContextCustomizer@5700d6b1, org.springframework.boot.test.mock.mockito.MockitoContextCustomizer@0, org.springframework.boot.test.autoconfigure.properties.PropertyMappingContextCustomizer@0, org.springframework.boot.test.autoconfigure.web.servlet.WebDriverContextCustomizerFactory$Customizer@3c0f93f1], contextLoader = 'org.springframework.boot.test.context.SpringBootContextLoader', parent = [null]]]].
00:38:56.290 [main] DEBUG org.springframework.core.env.StandardEnvironment - Adding [systemProperties] PropertySource with lowest search precedence
00:38:56.291 [main] DEBUG org.springframework.core.env.StandardEnvironment - Adding [systemEnvironment] PropertySource with lowest search precedence
00:38:56.291 [main] DEBUG org.springframework.core.env.StandardEnvironment - Initialized StandardEnvironment with PropertySources [systemProperties,systemEnvironment]
00:38:56.293 [main] DEBUG org.springframework.test.context.support.TestPropertySourceUtils - Adding inlined properties to environment: {spring.jmx.enabled=false, org.springframework.boot.test.context.SpringBootTestContextBootstrapper=true, server.port=-1}
00:38:56.294 [main] DEBUG org.springframework.core.env.StandardEnvironment - Adding [Inlined Test Properties] PropertySource with highest search precedence
2016-12-30 00:38:56.586 DEBUG 4276 --- [           main] .b.l.ClasspathLoggingApplicationListener : Application started with classpath: [file:/E:/my-project/spring-boot-guide/spring-boot-guide-chapter7-1/compute-service/target/surefire/surefirebooter8894683325383723455.jar]
2016-12-30 00:38:56.590 DEBUG 4276 --- [           main] o.s.c.e.PropertySourcesPropertyResolver  : Could not find key 'context.listener.classes' in any property source
2016-12-30 00:38:56.594 DEBUG 4276 --- [           main] o.s.c.e.PropertySourcesPropertyResolver  : Could not find key 'banner.image.location' in any property source
2016-12-30 00:38:56.596 DEBUG 4276 --- [           main] o.s.c.e.PropertySourcesPropertyResolver  : Could not find key 'banner.location' in any property source

  .   ____          _            __ _ _
 /\\ / ___'_ __ _ _(_)_ __  __ _ \ \ \ \
( ( )\___ | '_ | '_| | '_ \/ _` | \ \ \ \
 \\/  ___)| |_)| | | | | || (_| |  ) ) ) )
  '  |____| .__|_| |_|_| |_\__, | / / / /
 =========|_|==============|___/=/_/_/_/
 :: Spring Boot ::        (v1.4.2.RELEASE)

2016-12-30 00:38:56.649 DEBUG 4276 --- [           main] o.s.core.env.StandardEnvironment         : Adding [systemProperties] PropertySource with lowest search precedence
2016-12-30 00:38:56.649 DEBUG 4276 --- [           main] o.s.core.env.StandardEnvironment         : Adding [systemEnvironment] PropertySource with lowest search precedence
2016-12-30 00:38:56.649 DEBUG 4276 --- [           main] o.s.core.env.StandardEnvironment         : Initialized StandardEnvironment with PropertySources [systemProperties,systemEnvironment]
2016-12-30 00:38:56.699 DEBUG 4276 --- [           main] o.s.c.e.PropertySourcesPropertyResolver  : Could not find key 'context.initializer.classes' in any property source
2016-12-30 00:38:56.699 DEBUG 4276 --- [           main] o.s.c.e.PropertySourcesPropertyResolver  : Could not find key 'spring.config.name:application' in any property source
2016-12-30 00:38:56.700 DEBUG 4276 --- [           main] o.s.c.e.PropertySourcesPropertyResolver  : Could not find key 'spring.config.name' in any property source
2016-12-30 00:38:56.700 DEBUG 4276 --- [           main] o.s.c.e.PropertySourcesPropertyResolver  : Could not find key 'vcap.application.name:application' in any property source
2016-12-30 00:38:56.700 DEBUG 4276 --- [           main] o.s.c.e.PropertySourcesPropertyResolver  : Could not find key 'vcap.application.name' in any property source
2016-12-30 00:38:56.701 DEBUG 4276 --- [           main] o.s.c.e.PropertySourcesPropertyResolver  : Could not find key 'spring.application.name:application' in any property source
2016-12-30 00:38:56.701 DEBUG 4276 --- [           main] o.s.c.e.PropertySourcesPropertyResolver  : Could not find key 'spring.application.name' in any property source
2016-12-30 00:38:56.701 DEBUG 4276 --- [           main] o.s.c.e.PropertySourcesPropertyResolver  : Could not find key 'PORT:null' in any property source
2016-12-30 00:38:56.701 DEBUG 4276 --- [           main] o.s.c.e.PropertySourcesPropertyResolver  : Could not find key 'PORT' in any property source
2016-12-30 00:38:56.702 DEBUG 4276 --- [           main] o.s.c.e.PropertySourcesPropertyResolver  : Could not find key 'server.port:null' in any property source
2016-12-30 00:38:56.702 DEBUG 4276 --- [           main] o.s.c.e.PropertySourcesPropertyResolver  : Found key 'server.port' in [Inlined Test Properties] with type [String]
2016-12-30 00:38:56.705 DEBUG 4276 --- [           main] o.s.c.e.PropertySourcesPropertyResolver  : Could not find key 'spring.application.index:-1' in any property source
2016-12-30 00:38:56.706 DEBUG 4276 --- [           main] o.s.c.e.PropertySourcesPropertyResolver  : Could not find key 'spring.application.index' in any property source
2016-12-30 00:38:56.706 DEBUG 4276 --- [           main] o.s.c.e.PropertySourcesPropertyResolver  : Could not find key 'vcap.application.instance_index:-1' in any property source
2016-12-30 00:38:56.706 DEBUG 4276 --- [           main] o.s.c.e.PropertySourcesPropertyResolver  : Could not find key 'vcap.application.instance_index' in any property source
2016-12-30 00:38:56.707 DEBUG 4276 --- [           main] o.s.c.e.PropertySourcesPropertyResolver  : Could not find key 'spring.profiles.active' in any property source
2016-12-30 00:38:56.717 DEBUG 4276 --- [           main] o.s.b.f.s.DefaultListableBeanFactory     : Returning cached instance of singleton bean 'autoConfigurationReport'
2016-12-30 00:38:56.721  INFO 4276 --- [           main] o.g.g.s.impl.ComputeServiceImplTest      : Starting ComputeServiceImplTest on R-PC with PID 4276 (started by R in E:\my-project\spring-boot-guide\spring-boot-guide-chapter7-1\compute-service)
2016-12-30 00:38:56.722 DEBUG 4276 --- [           main] o.g.g.s.impl.ComputeServiceImplTest      : Running with Spring Boot v1.4.2.RELEASE, Spring v4.3.4.RELEASE
2016-12-30 00:38:56.722 DEBUG 4276 --- [           main] o.s.c.e.PropertySourcesPropertyResolver  : Could not find key 'spring.profiles.active' in any property source
2016-12-30 00:38:56.722 DEBUG 4276 --- [           main] o.s.c.e.PropertySourcesPropertyResolver  : Could not find key 'spring.profiles.default' in any property source
2016-12-30 00:38:56.722  INFO 4276 --- [           main] o.g.g.s.impl.ComputeServiceImplTest      : No active profile set, falling back to default profiles: default
2016-12-30 00:38:56.723 DEBUG 4276 --- [           main] o.s.boot.SpringApplication               : Loading source class org.github.guide.Application
2016-12-30 00:38:56.761 DEBUG 4276 --- [           main] o.s.b.c.c.ConfigFileApplicationListener  : Loaded config file 'file:/E:/my-project/spring-boot-guide/spring-boot-guide-chapter7-1/compute-service/target/classes/application.properties' (classpath:/application.properties)
2016-12-30 00:38:56.761 DEBUG 4276 --- [           main] o.s.b.c.c.ConfigFileApplicationListener  : Skipped (empty) config file 'file:/E:/my-project/spring-boot-guide/spring-boot-guide-chapter7-1/compute-service/target/classes/application.properties' (classpath:/application.properties) for profile default
2016-12-30 00:38:56.769  INFO 4276 --- [           main] s.c.a.AnnotationConfigApplicationContext : Refreshing org.springframework.context.annotation.AnnotationConfigApplicationContext@5b12b668: startup date [Fri Dec 30 00:38:56 CST 2016]; root of context hierarchy
2016-12-30 00:38:56.770 DEBUG 4276 --- [           main] s.c.a.AnnotationConfigApplicationContext : Bean factory for org.springframework.context.annotation.AnnotationConfigApplicationContext@5b12b668: org.springframework.beans.factory.support.DefaultListableBeanFactory@11bd0f3b: defining beans [org.springframework.context.annotation.internalConfigurationAnnotationProcessor,org.springframework.context.annotation.internalAutowiredAnnotationProcessor,org.springframework.context.annotation.internalRequiredAnnotationProcessor,org.springframework.context.annotation.internalCommonAnnotationProcessor,org.springframework.context.event.internalEventListenerProcessor,org.springframework.context.event.internalEventListenerFactory,org.springframework.boot.test.mock.mockito.MockitoPostProcessor$SpyPostProcessor,org.springframework.boot.test.mock.mockito.MockitoPostProcessor,application]; root of factory hierarchy
2016-12-30 00:38:56.784 DEBUG 4276 --- [           main] o.s.b.f.s.DefaultListableBeanFactory     : Creating shared instance of singleton bean 'org.springframework.context.annotation.internalConfigurationAnnotationProcessor'
2016-12-30 00:38:56.785 DEBUG 4276 --- [           main] o.s.b.f.s.DefaultListableBeanFactory     : Creating instance of bean 'org.springframework.context.annotation.internalConfigurationAnnotationProcessor'
2016-12-30 00:38:56.793 DEBUG 4276 --- [           main] o.s.b.f.s.DefaultListableBeanFactory     : Eagerly caching bean 'org.springframework.context.annotation.internalConfigurationAnnotationProcessor' to allow for resolving potential circular references
2016-12-30 00:38:56.807 DEBUG 4276 --- [           main] o.s.b.f.s.DefaultListableBeanFactory     : Creating shared instance of singleton bean 'org.springframework.boot.autoconfigure.internalCachingMetadataReaderFactory'
2016-12-30 00:38:56.808 DEBUG 4276 --- [           main] o.s.b.f.s.DefaultListableBeanFactory     : Creating instance of bean 'org.springframework.boot.autoconfigure.internalCachingMetadataReaderFactory'
2016-12-30 00:38:56.808 DEBUG 4276 --- [           main] o.s.b.f.s.DefaultListableBeanFactory     : Eagerly caching bean 'org.springframework.boot.autoconfigure.internalCachingMetadataReaderFactory' to allow for resolving potential circular references
2016-12-30 00:38:56.815 DEBUG 4276 --- [           main] o.s.b.f.s.DefaultListableBeanFactory     : Finished creating instance of bean 'org.springframework.boot.autoconfigure.internalCachingMetadataReaderFactory'
2016-12-30 00:38:56.831 DEBUG 4276 --- [           main] o.s.b.f.s.DefaultListableBeanFactory     : Finished creating instance of bean 'org.springframework.context.annotation.internalConfigurationAnnotationProcessor'
2016-12-30 00:38:56.864 DEBUG 4276 --- [           main] o.s.core.env.StandardEnvironment         : Adding [systemProperties] PropertySource with lowest search precedence
2016-12-30 00:38:56.864 DEBUG 4276 --- [           main] o.s.core.env.StandardEnvironment         : Adding [systemEnvironment] PropertySource with lowest search precedence
2016-12-30 00:38:56.865 DEBUG 4276 --- [           main] o.s.core.env.StandardEnvironment         : Initialized StandardEnvironment with PropertySources [systemProperties,systemEnvironment]
2016-12-30 00:38:56.869 DEBUG 4276 --- [           main] .i.s.PathMatchingResourcePatternResolver : Resolved classpath location [org/github/guide/] to resources [URL [file:/E:/my-project/spring-boot-guide/spring-boot-guide-chapter7-1/compute-service/target/test-classes/org/github/guide/], URL [file:/E:/my-project/spring-boot-guide/spring-boot-guide-chapter7-1/compute-service/target/classes/org/github/guide/]]
2016-12-30 00:38:56.869 DEBUG 4276 --- [           main] .i.s.PathMatchingResourcePatternResolver : Looking for matching resources in directory tree [E:\my-project\spring-boot-guide\spring-boot-guide-chapter7-1\compute-service\target\test-classes\org\github\guide]
2016-12-30 00:38:56.870 DEBUG 4276 --- [           main] .i.s.PathMatchingResourcePatternResolver : Searching directory [E:\my-project\spring-boot-guide\spring-boot-guide-chapter7-1\compute-service\target\test-classes\org\github\guide] for files matching pattern [E:/my-project/spring-boot-guide/spring-boot-guide-chapter7-1/compute-service/target/test-classes/org/github/guide/**/*.class]
2016-12-30 00:38:56.876 DEBUG 4276 --- [           main] .i.s.PathMatchingResourcePatternResolver : Searching directory [E:\my-project\spring-boot-guide\spring-boot-guide-chapter7-1\compute-service\target\test-classes\org\github\guide\service] for files matching pattern [E:/my-project/spring-boot-guide/spring-boot-guide-chapter7-1/compute-service/target/test-classes/org/github/guide/**/*.class]
2016-12-30 00:38:56.877 DEBUG 4276 --- [           main] .i.s.PathMatchingResourcePatternResolver : Searching directory [E:\my-project\spring-boot-guide\spring-boot-guide-chapter7-1\compute-service\target\test-classes\org\github\guide\service\impl] for files matching pattern [E:/my-project/spring-boot-guide/spring-boot-guide-chapter7-1/compute-service/target/test-classes/org/github/guide/**/*.class]
2016-12-30 00:38:56.879 DEBUG 4276 --- [           main] .i.s.PathMatchingResourcePatternResolver : Looking for matching resources in directory tree [E:\my-project\spring-boot-guide\spring-boot-guide-chapter7-1\compute-service\target\classes\org\github\guide]
2016-12-30 00:38:56.880 DEBUG 4276 --- [           main] .i.s.PathMatchingResourcePatternResolver : Searching directory [E:\my-project\spring-boot-guide\spring-boot-guide-chapter7-1\compute-service\target\classes\org\github\guide] for files matching pattern [E:/my-project/spring-boot-guide/spring-boot-guide-chapter7-1/compute-service/target/classes/org/github/guide/**/*.class]
2016-12-30 00:38:56.880 DEBUG 4276 --- [           main] .i.s.PathMatchingResourcePatternResolver : Searching directory [E:\my-project\spring-boot-guide\spring-boot-guide-chapter7-1\compute-service\target\classes\org\github\guide\service] for files matching pattern [E:/my-project/spring-boot-guide/spring-boot-guide-chapter7-1/compute-service/target/classes/org/github/guide/**/*.class]
2016-12-30 00:38:56.881 DEBUG 4276 --- [           main] .i.s.PathMatchingResourcePatternResolver : Searching directory [E:\my-project\spring-boot-guide\spring-boot-guide-chapter7-1\compute-service\target\classes\org\github\guide\service\impl] for files matching pattern [E:/my-project/spring-boot-guide/spring-boot-guide-chapter7-1/compute-service/target/classes/org/github/guide/**/*.class]
2016-12-30 00:38:56.882 DEBUG 4276 --- [           main] .i.s.PathMatchingResourcePatternResolver : Resolved location pattern [classpath*:org/github/guide/**/*.class] to resources [file [E:\my-project\spring-boot-guide\spring-boot-guide-chapter7-1\compute-service\target\test-classes\org\github\guide\service\impl\ComputeServiceImplTest.class], file [E:\my-project\spring-boot-guide\spring-boot-guide-chapter7-1\compute-service\target\classes\org\github\guide\Application.class], file [E:\my-project\spring-boot-guide\spring-boot-guide-chapter7-1\compute-service\target\classes\org\github\guide\service\ComputeService.class], file [E:\my-project\spring-boot-guide\spring-boot-guide-chapter7-1\compute-service\target\classes\org\github\guide\service\impl\ComputeServiceImpl.class]]
2016-12-30 00:38:56.912 DEBUG 4276 --- [           main] o.s.b.f.s.DefaultListableBeanFactory     : Returning cached instance of singleton bean 'org.springframework.boot.test.context.filter.TestTypeExcludeFilter'
2016-12-30 00:38:56.923 DEBUG 4276 --- [           main] o.s.b.f.s.DefaultListableBeanFactory     : Returning cached instance of singleton bean 'org.springframework.boot.test.context.filter.TestTypeExcludeFilter'
2016-12-30 00:38:56.924 DEBUG 4276 --- [           main] o.s.b.f.s.DefaultListableBeanFactory     : Returning cached instance of singleton bean 'org.springframework.boot.test.context.filter.TestTypeExcludeFilter'
2016-12-30 00:38:56.933 DEBUG 4276 --- [           main] o.s.c.e.PropertySourcesPropertyResolver  : Could not find key 'spring.boot.enableautoconfiguration' in any property source
2016-12-30 00:38:56.939 DEBUG 4276 --- [           main] o.s.c.e.PropertySourcesPropertyResolver  : Found key 'spring.jmx.enabled' in [Inlined Test Properties] with type [String]
2016-12-30 00:38:56.941 DEBUG 4276 --- [           main] o.s.c.e.PropertySourcesPropertyResolver  : Found key 'org.springframework.boot.test.context.SpringBootTestContextBootstrapper' in [Inlined Test Properties] with type [String]
2016-12-30 00:38:56.941 DEBUG 4276 --- [           main] o.s.c.e.PropertySourcesPropertyResolver  : Found key 'server.port' in [Inlined Test Properties] with type [String]
2016-12-30 00:38:56.941 DEBUG 4276 --- [           main] o.s.c.e.PropertySourcesPropertyResolver  : Found key 'idea.version' in [systemProperties] with type [String]
2016-12-30 00:38:56.942 DEBUG 4276 --- [           main] o.s.c.e.PropertySourcesPropertyResolver  : Found key 'java.runtime.name' in [systemProperties] with type [String]
2016-12-30 00:38:56.942 DEBUG 4276 --- [           main] o.s.c.e.PropertySourcesPropertyResolver  : Found key 'sun.boot.library.path' in [systemProperties] with type [String]
2016-12-30 00:38:56.942 DEBUG 4276 --- [           main] o.s.c.e.PropertySourcesPropertyResolver  : Found key 'java.vm.version' in [systemProperties] with type [String]
2016-12-30 00:38:56.943 DEBUG 4276 --- [           main] o.s.c.e.PropertySourcesPropertyResolver  : Found key 'java.vm.vendor' in [systemProperties] with type [String]
2016-12-30 00:38:56.943 DEBUG 4276 --- [           main] o.s.c.e.PropertySourcesPropertyResolver  : Found key 'java.vendor.url' in [systemProperties] with type [String]
2016-12-30 00:38:56.943 DEBUG 4276 --- [           main] o.s.c.e.PropertySourcesPropertyResolver  : Found key 'path.separator' in [systemProperties] with type [String]
2016-12-30 00:38:56.944 DEBUG 4276 --- [           main] o.s.c.e.PropertySourcesPropertyResolver  : Found key 'java.vm.name' in [systemProperties] with type [String]
2016-12-30 00:38:56.944 DEBUG 4276 --- [           main] o.s.c.e.PropertySourcesPropertyResolver  : Found key 'file.encoding.pkg' in [systemProperties] with type [String]
2016-12-30 00:38:56.946 DEBUG 4276 --- [           main] o.s.c.e.PropertySourcesPropertyResolver  : Found key 'user.country' in [systemProperties] with type [String]
2016-12-30 00:38:56.946 DEBUG 4276 --- [           main] o.s.c.e.PropertySourcesPropertyResolver  : Found key 'user.script' in [systemProperties] with type [String]
2016-12-30 00:38:56.946 DEBUG 4276 --- [           main] o.s.c.e.PropertySourcesPropertyResolver  : Found key 'sun.java.launcher' in [systemProperties] with type [String]
2016-12-30 00:38:56.947 DEBUG 4276 --- [           main] o.s.c.e.PropertySourcesPropertyResolver  : Found key 'sun.os.patch.level' in [systemProperties] with type [String]
2016-12-30 00:38:56.947 DEBUG 4276 --- [           main] o.s.c.e.PropertySourcesPropertyResolver  : Found key 'PID' in [systemProperties] with type [String]
2016-12-30 00:38:56.947 DEBUG 4276 --- [           main] o.s.c.e.PropertySourcesPropertyResolver  : Found key 'java.vm.specification.name' in [systemProperties] with type [String]
2016-12-30 00:38:56.948 DEBUG 4276 --- [           main] o.s.c.e.PropertySourcesPropertyResolver  : Found key 'user.dir' in [systemProperties] with type [String]
2016-12-30 00:38:56.948 DEBUG 4276 --- [           main] o.s.c.e.PropertySourcesPropertyResolver  : Found key 'java.runtime.version' in [systemProperties] with type [String]
2016-12-30 00:38:56.948 DEBUG 4276 --- [           main] o.s.c.e.PropertySourcesPropertyResolver  : Found key 'basedir' in [systemProperties] with type [String]
2016-12-30 00:38:56.949 DEBUG 4276 --- [           main] o.s.c.e.PropertySourcesPropertyResolver  : Found key 'java.awt.graphicsenv' in [systemProperties] with type [String]
2016-12-30 00:38:56.949 DEBUG 4276 --- [           main] o.s.c.e.PropertySourcesPropertyResolver  : Found key 'org.jboss.logging.provider' in [systemProperties] with type [String]
2016-12-30 00:38:56.949 DEBUG 4276 --- [           main] o.s.c.e.PropertySourcesPropertyResolver  : Found key 'java.endorsed.dirs' in [systemProperties] with type [String]
2016-12-30 00:38:56.950 DEBUG 4276 --- [           main] o.s.c.e.PropertySourcesPropertyResolver  : Found key 'os.arch' in [systemProperties] with type [String]
2016-12-30 00:38:56.951 DEBUG 4276 --- [           main] o.s.c.e.PropertySourcesPropertyResolver  : Found key 'surefire.real.class.path' in [systemProperties] with type [String]
2016-12-30 00:38:56.951 DEBUG 4276 --- [           main] o.s.c.e.PropertySourcesPropertyResolver  : Found key 'java.io.tmpdir' in [systemProperties] with type [String]
2016-12-30 00:38:56.951 DEBUG 4276 --- [           main] o.s.c.e.PropertySourcesPropertyResolver  : Found key 'line.separator' in [systemProperties] with type [String]
2016-12-30 00:38:56.953 DEBUG 4276 --- [           main] o.s.c.e.PropertySourcesPropertyResolver  : Found key 'java.vm.specification.vendor' in [systemProperties] with type [String]
2016-12-30 00:38:56.953 DEBUG 4276 --- [           main] o.s.c.e.PropertySourcesPropertyResolver  : Found key 'user.variant' in [systemProperties] with type [String]
2016-12-30 00:38:56.954 DEBUG 4276 --- [           main] o.s.c.e.PropertySourcesPropertyResolver  : Found key 'os.name' in [systemProperties] with type [String]
2016-12-30 00:38:56.954 DEBUG 4276 --- [           main] o.s.c.e.PropertySourcesPropertyResolver  : Found key 'sun.jnu.encoding' in [systemProperties] with type [String]
2016-12-30 00:38:56.954 DEBUG 4276 --- [           main] o.s.c.e.PropertySourcesPropertyResolver  : Found key 'spring.beaninfo.ignore' in [systemProperties] with type [String]
2016-12-30 00:38:56.955 DEBUG 4276 --- [           main] o.s.c.e.PropertySourcesPropertyResolver  : Found key 'java.library.path' in [systemProperties] with type [String]
2016-12-30 00:38:56.955 DEBUG 4276 --- [           main] o.s.c.e.PropertySourcesPropertyResolver  : Found key 'surefire.test.class.path' in [systemProperties] with type [String]
2016-12-30 00:38:56.955 DEBUG 4276 --- [           main] o.s.c.e.PropertySourcesPropertyResolver  : Found key 'java.specification.name' in [systemProperties] with type [String]
2016-12-30 00:38:56.956 DEBUG 4276 --- [           main] o.s.c.e.PropertySourcesPropertyResolver  : Found key 'java.class.version' in [systemProperties] with type [String]
2016-12-30 00:38:56.956 DEBUG 4276 --- [           main] o.s.c.e.PropertySourcesPropertyResolver  : Found key 'sun.management.compiler' in [systemProperties] with type [String]
2016-12-30 00:38:56.956 DEBUG 4276 --- [           main] o.s.c.e.PropertySourcesPropertyResolver  : Found key 'os.version' in [systemProperties] with type [String]
2016-12-30 00:38:56.956 DEBUG 4276 --- [           main] o.s.c.e.PropertySourcesPropertyResolver  : Found key 'user.home' in [systemProperties] with type [String]
2016-12-30 00:38:56.957 DEBUG 4276 --- [           main] o.s.c.e.PropertySourcesPropertyResolver  : Found key 'user.timezone' in [systemProperties] with type [String]
2016-12-30 00:38:56.957 DEBUG 4276 --- [           main] o.s.c.e.PropertySourcesPropertyResolver  : Found key 'java.awt.printerjob' in [systemProperties] with type [String]
2016-12-30 00:38:56.957 DEBUG 4276 --- [           main] o.s.c.e.PropertySourcesPropertyResolver  : Found key 'file.encoding' in [systemProperties] with type [String]
2016-12-30 00:38:56.957 DEBUG 4276 --- [           main] o.s.c.e.PropertySourcesPropertyResolver  : Found key 'java.specification.version' in [systemProperties] with type [String]
2016-12-30 00:38:56.957 DEBUG 4276 --- [           main] o.s.c.e.PropertySourcesPropertyResolver  : Found key 'java.class.path' in [systemProperties] with type [String]
2016-12-30 00:38:56.957 DEBUG 4276 --- [           main] o.s.c.e.PropertySourcesPropertyResolver  : Found key 'user.name' in [systemProperties] with type [String]
2016-12-30 00:38:56.958 DEBUG 4276 --- [           main] o.s.c.e.PropertySourcesPropertyResolver  : Found key 'java.vm.specification.version' in [systemProperties] with type [String]
2016-12-30 00:38:56.958 DEBUG 4276 --- [           main] o.s.c.e.PropertySourcesPropertyResolver  : Found key 'sun.java.command' in [systemProperties] with type [String]
2016-12-30 00:38:56.958 DEBUG 4276 --- [           main] o.s.c.e.PropertySourcesPropertyResolver  : Found key 'java.home' in [systemProperties] with type [String]
2016-12-30 00:38:56.959 DEBUG 4276 --- [           main] o.s.c.e.PropertySourcesPropertyResolver  : Found key 'sun.arch.data.model' in [systemProperties] with type [String]
2016-12-30 00:38:56.959 DEBUG 4276 --- [           main] o.s.c.e.PropertySourcesPropertyResolver  : Found key 'user.language' in [systemProperties] with type [String]
2016-12-30 00:38:56.959 DEBUG 4276 --- [           main] o.s.c.e.PropertySourcesPropertyResolver  : Found key 'java.specification.vendor' in [systemProperties] with type [String]
2016-12-30 00:38:56.960 DEBUG 4276 --- [           main] o.s.c.e.PropertySourcesPropertyResolver  : Found key 'awt.toolkit' in [systemProperties] with type [String]
2016-12-30 00:38:56.960 DEBUG 4276 --- [           main] o.s.c.e.PropertySourcesPropertyResolver  : Found key 'java.vm.info' in [systemProperties] with type [String]
2016-12-30 00:38:56.960 DEBUG 4276 --- [           main] o.s.c.e.PropertySourcesPropertyResolver  : Found key 'java.version' in [systemProperties] with type [String]
2016-12-30 00:38:56.961 DEBUG 4276 --- [           main] o.s.c.e.PropertySourcesPropertyResolver  : Found key 'java.ext.dirs' in [systemProperties] with type [String]
2016-12-30 00:38:56.961 DEBUG 4276 --- [           main] o.s.c.e.PropertySourcesPropertyResolver  : Found key 'sun.boot.class.path' in [systemProperties] with type [String]
2016-12-30 00:38:56.961 DEBUG 4276 --- [           main] o.s.c.e.PropertySourcesPropertyResolver  : Found key 'java.awt.headless' in [systemProperties] with type [String]
2016-12-30 00:38:56.961 DEBUG 4276 --- [           main] o.s.c.e.PropertySourcesPropertyResolver  : Found key 'java.vendor' in [systemProperties] with type [String]
2016-12-30 00:38:56.962 DEBUG 4276 --- [           main] o.s.c.e.PropertySourcesPropertyResolver  : Found key 'localRepository' in [systemProperties] with type [String]
2016-12-30 00:38:56.962 DEBUG 4276 --- [           main] o.s.c.e.PropertySourcesPropertyResolver  : Found key 'file.separator' in [systemProperties] with type [String]
2016-12-30 00:38:56.962 DEBUG 4276 --- [           main] o.s.c.e.PropertySourcesPropertyResolver  : Found key 'java.vendor.url.bug' in [systemProperties] with type [String]
2016-12-30 00:38:56.963 DEBUG 4276 --- [           main] o.s.c.e.PropertySourcesPropertyResolver  : Found key 'sun.io.unicode.encoding' in [systemProperties] with type [String]
2016-12-30 00:38:56.963 DEBUG 4276 --- [           main] o.s.c.e.PropertySourcesPropertyResolver  : Found key 'sun.cpu.endian' in [systemProperties] with type [String]
2016-12-30 00:38:56.963 DEBUG 4276 --- [           main] o.s.c.e.PropertySourcesPropertyResolver  : Found key 'sun.desktop' in [systemProperties] with type [String]
2016-12-30 00:38:56.964 DEBUG 4276 --- [           main] o.s.c.e.PropertySourcesPropertyResolver  : Found key 'sun.cpu.isalist' in [systemProperties] with type [String]
2016-12-30 00:38:56.964 DEBUG 4276 --- [           main] o.s.c.e.PropertySourcesPropertyResolver  : Found key 'PATH' in [systemEnvironment] with type [String]
2016-12-30 00:38:56.964 DEBUG 4276 --- [           main] o.s.c.e.PropertySourcesPropertyResolver  : Found key 'GIT_HOME' in [systemEnvironment] with type [String]
2016-12-30 00:38:56.965 DEBUG 4276 --- [           main] o.s.c.e.PropertySourcesPropertyResolver  : Found key 'LOCALAPPDATA' in [systemEnvironment] with type [String]
2016-12-30 00:38:56.966 DEBUG 4276 --- [           main] o.s.c.e.PropertySourcesPropertyResolver  : Found key 'PROCESSOR_LEVEL' in [systemEnvironment] with type [String]
2016-12-30 00:38:56.966 DEBUG 4276 --- [           main] o.s.c.e.PropertySourcesPropertyResolver  : Found key 'SYSTEMDRIVE' in [systemEnvironment] with type [String]
2016-12-30 00:38:56.966 DEBUG 4276 --- [           main] o.s.c.e.PropertySourcesPropertyResolver  : Found key 'COMMONPROGRAMFILES(X86)' in [systemEnvironment] with type [String]
2016-12-30 00:38:56.966 DEBUG 4276 --- [           main] o.s.c.e.PropertySourcesPropertyResolver  : Found key 'FP_NO_HOST_CHECK' in [systemEnvironment] with type [String]
2016-12-30 00:38:56.966 DEBUG 4276 --- [           main] o.s.c.e.PropertySourcesPropertyResolver  : Found key 'USERDOMAIN' in [systemEnvironment] with type [String]
2016-12-30 00:38:56.966 DEBUG 4276 --- [           main] o.s.c.e.PropertySourcesPropertyResolver  : Found key 'LOGONSERVER' in [systemEnvironment] with type [String]
2016-12-30 00:38:56.967 DEBUG 4276 --- [           main] o.s.c.e.PropertySourcesPropertyResolver  : Found key 'JAVA_HOME' in [systemEnvironment] with type [String]
2016-12-30 00:38:56.967 DEBUG 4276 --- [           main] o.s.c.e.PropertySourcesPropertyResolver  : Found key 'PROMPT' in [systemEnvironment] with type [String]
2016-12-30 00:38:56.967 DEBUG 4276 --- [           main] o.s.c.e.PropertySourcesPropertyResolver  : Found key 'SESSIONNAME' in [systemEnvironment] with type [String]
2016-12-30 00:38:56.967 DEBUG 4276 --- [           main] o.s.c.e.PropertySourcesPropertyResolver  : Found key 'ALLUSERSPROFILE' in [systemEnvironment] with type [String]
2016-12-30 00:38:56.968 DEBUG 4276 --- [           main] o.s.c.e.PropertySourcesPropertyResolver  : Found key 'PROGRAMFILES(X86)' in [systemEnvironment] with type [String]
2016-12-30 00:38:56.968 DEBUG 4276 --- [           main] o.s.c.e.PropertySourcesPropertyResolver  : Found key 'PROCESSOR_ARCHITECTURE' in [systemEnvironment] with type [String]
2016-12-30 00:38:56.968 DEBUG 4276 --- [           main] o.s.c.e.PropertySourcesPropertyResolver  : Found key 'GRADLE_HOME' in [systemEnvironment] with type [String]
2016-12-30 00:38:56.968 DEBUG 4276 --- [           main] o.s.c.e.PropertySourcesPropertyResolver  : Found key '=E:' in [systemEnvironment] with type [String]
2016-12-30 00:38:56.969 DEBUG 4276 --- [           main] o.s.c.e.PropertySourcesPropertyResolver  : Found key 'MAVEN_HOME' in [systemEnvironment] with type [String]
2016-12-30 00:38:56.969 DEBUG 4276 --- [           main] o.s.c.e.PropertySourcesPropertyResolver  : Found key 'PROGRAMFILES' in [systemEnvironment] with type [String]
2016-12-30 00:38:56.969 DEBUG 4276 --- [           main] o.s.c.e.PropertySourcesPropertyResolver  : Found key 'APPDATA' in [systemEnvironment] with type [String]
2016-12-30 00:38:56.969 DEBUG 4276 --- [           main] o.s.c.e.PropertySourcesPropertyResolver  : Found key 'MOZ_PLUGIN_PATH' in [systemEnvironment] with type [String]
2016-12-30 00:38:56.970 DEBUG 4276 --- [           main] o.s.c.e.PropertySourcesPropertyResolver  : Found key 'PSMODULEPATH' in [systemEnvironment] with type [String]
2016-12-30 00:38:56.970 DEBUG 4276 --- [           main] o.s.c.e.PropertySourcesPropertyResolver  : Found key 'PROGRAMW6432' in [systemEnvironment] with type [String]
2016-12-30 00:38:56.970 DEBUG 4276 --- [           main] o.s.c.e.PropertySourcesPropertyResolver  : Found key 'PROGRAMDATA' in [systemEnvironment] with type [String]
2016-12-30 00:38:56.970 DEBUG 4276 --- [           main] o.s.c.e.PropertySourcesPropertyResolver  : Found key 'SYSTEMROOT' in [systemEnvironment] with type [String]
2016-12-30 00:38:56.971 DEBUG 4276 --- [           main] o.s.c.e.PropertySourcesPropertyResolver  : Found key 'USERNAME' in [systemEnvironment] with type [String]
2016-12-30 00:38:56.971 DEBUG 4276 --- [           main] o.s.c.e.PropertySourcesPropertyResolver  : Found key 'TOMCAT_HOME' in [systemEnvironment] with type [String]
2016-12-30 00:38:56.971 DEBUG 4276 --- [           main] o.s.c.e.PropertySourcesPropertyResolver  : Found key 'VBOX_MSI_INSTALL_PATH' in [systemEnvironment] with type [String]
2016-12-30 00:38:56.971 DEBUG 4276 --- [           main] o.s.c.e.PropertySourcesPropertyResolver  : Found key 'PATHEXT' in [systemEnvironment] with type [String]
2016-12-30 00:38:56.972 DEBUG 4276 --- [           main] o.s.c.e.PropertySourcesPropertyResolver  : Found key 'OS' in [systemEnvironment] with type [String]
2016-12-30 00:38:56.972 DEBUG 4276 --- [           main] o.s.c.e.PropertySourcesPropertyResolver  : Found key 'COMMONPROGRAMW6432' in [systemEnvironment] with type [String]
2016-12-30 00:38:56.972 DEBUG 4276 --- [           main] o.s.c.e.PropertySourcesPropertyResolver  : Found key 'COMPUTERNAME' in [systemEnvironment] with type [String]
2016-12-30 00:38:56.973 DEBUG 4276 --- [           main] o.s.c.e.PropertySourcesPropertyResolver  : Found key 'COMMONPROGRAMFILES' in [systemEnvironment] with type [String]
2016-12-30 00:38:56.973 DEBUG 4276 --- [           main] o.s.c.e.PropertySourcesPropertyResolver  : Found key 'COMSPEC' in [systemEnvironment] with type [String]
2016-12-30 00:38:56.973 DEBUG 4276 --- [           main] o.s.c.e.PropertySourcesPropertyResolver  : Found key 'PROCESSOR_REVISION' in [systemEnvironment] with type [String]
2016-12-30 00:38:56.973 DEBUG 4276 --- [           main] o.s.c.e.PropertySourcesPropertyResolver  : Found key 'WINDIR' in [systemEnvironment] with type [String]
2016-12-30 00:38:56.973 DEBUG 4276 --- [           main] o.s.c.e.PropertySourcesPropertyResolver  : Found key 'HOMEPATH' in [systemEnvironment] with type [String]
2016-12-30 00:38:56.974 DEBUG 4276 --- [           main] o.s.c.e.PropertySourcesPropertyResolver  : Found key 'TEMP' in [systemEnvironment] with type [String]
2016-12-30 00:38:56.974 DEBUG 4276 --- [           main] o.s.c.e.PropertySourcesPropertyResolver  : Found key 'MYSQL_HOME' in [systemEnvironment] with type [String]
2016-12-30 00:38:56.974 DEBUG 4276 --- [           main] o.s.c.e.PropertySourcesPropertyResolver  : Found key 'HOMEDRIVE' in [systemEnvironment] with type [String]
2016-12-30 00:38:56.974 DEBUG 4276 --- [           main] o.s.c.e.PropertySourcesPropertyResolver  : Found key 'PROCESSOR_IDENTIFIER' in [systemEnvironment] with type [String]
2016-12-30 00:38:56.975 DEBUG 4276 --- [           main] o.s.c.e.PropertySourcesPropertyResolver  : Found key 'USERPROFILE' in [systemEnvironment] with type [String]
2016-12-30 00:38:56.975 DEBUG 4276 --- [           main] o.s.c.e.PropertySourcesPropertyResolver  : Found key 'TMP' in [systemEnvironment] with type [String]
2016-12-30 00:38:56.975 DEBUG 4276 --- [           main] o.s.c.e.PropertySourcesPropertyResolver  : Found key 'PUBLIC' in [systemEnvironment] with type [String]
2016-12-30 00:38:56.975 DEBUG 4276 --- [           main] o.s.c.e.PropertySourcesPropertyResolver  : Found key 'NUMBER_OF_PROCESSORS' in [systemEnvironment] with type [String]
2016-12-30 00:38:56.975 DEBUG 4276 --- [           main] o.s.c.e.PropertySourcesPropertyResolver  : Found key '=::' in [systemEnvironment] with type [String]
2016-12-30 00:38:56.976 DEBUG 4276 --- [           main] o.s.c.e.PropertySourcesPropertyResolver  : Found key 'DOCKER_TOOLBOX_INSTALL_PATH' in [systemEnvironment] with type [String]
2016-12-30 00:38:56.976 DEBUG 4276 --- [           main] o.s.c.e.PropertySourcesPropertyResolver  : Found key 'dubbo.registry.address' in [applicationConfigurationProperties] with type [String]
2016-12-30 00:38:56.976 DEBUG 4276 --- [           main] o.s.c.e.PropertySourcesPropertyResolver  : Found key 'logging.level.root' in [applicationConfigurationProperties] with type [String]
2016-12-30 00:38:57.000 DEBUG 4276 --- [           main] o.s.b.f.s.DefaultListableBeanFactory     : Returning cached instance of singleton bean 'org.springframework.boot.autoconfigure.internalCachingMetadataReaderFactory'
2016-12-30 00:38:57.247 DEBUG 4276 --- [           main] o.s.b.f.s.DefaultListableBeanFactory     : Returning cached instance of singleton bean 'autoConfigurationReport'
2016-12-30 00:38:57.262 DEBUG 4276 --- [           main] o.s.c.e.PropertySourcesPropertyResolver  : Could not find key 'spring.messages.basename' in any property source
2016-12-30 00:38:57.264 DEBUG 4276 --- [           main] .i.s.PathMatchingResourcePatternResolver : Resolved classpath location [messages.properties] to resources []
2016-12-30 00:38:57.266 DEBUG 4276 --- [           main] o.s.b.f.s.DefaultListableBeanFactory     : Returning cached instance of singleton bean 'autoConfigurationReport'
2016-12-30 00:38:57.273 DEBUG 4276 --- [           main] o.s.b.f.s.DefaultListableBeanFactory     : Returning cached instance of singleton bean 'autoConfigurationReport'
2016-12-30 00:38:57.274 DEBUG 4276 --- [           main] o.s.c.type.filter.AssignableTypeFilter   : Could not read interface [org.springframework.web.context.ServletContextAware] for type-filtered class [org.springframework.boot.autoconfigure.jersey.JerseyAutoConfiguration]
2016-12-30 00:38:57.275 DEBUG 4276 --- [           main] o.s.c.type.filter.AssignableTypeFilter   : Could not read interface [org.springframework.web.context.ServletContextAware] for type-filtered class [org.springframework.boot.autoconfigure.jersey.JerseyAutoConfiguration]
2016-12-30 00:38:57.277 DEBUG 4276 --- [           main] o.s.b.f.s.DefaultListableBeanFactory     : Returning cached instance of singleton bean 'autoConfigurationReport'
2016-12-30 00:38:57.278 DEBUG 4276 --- [           main] o.s.b.f.s.DefaultListableBeanFactory     : Returning cached instance of singleton bean 'autoConfigurationReport'
2016-12-30 00:38:57.279 DEBUG 4276 --- [           main] o.s.b.f.s.DefaultListableBeanFactory     : Returning cached instance of singleton bean 'autoConfigurationReport'
2016-12-30 00:38:57.280 DEBUG 4276 --- [           main] o.s.b.f.s.DefaultListableBeanFactory     : Returning cached instance of singleton bean 'autoConfigurationReport'
2016-12-30 00:38:57.281 DEBUG 4276 --- [           main] o.s.b.f.s.DefaultListableBeanFactory     : Returning cached instance of singleton bean 'autoConfigurationReport'
2016-12-30 00:38:57.282 DEBUG 4276 --- [           main] o.s.b.f.s.DefaultListableBeanFactory     : Returning cached instance of singleton bean 'autoConfigurationReport'
2016-12-30 00:38:57.283 DEBUG 4276 --- [           main] o.s.b.f.s.DefaultListableBeanFactory     : Returning cached instance of singleton bean 'autoConfigurationReport'
2016-12-30 00:38:57.285 DEBUG 4276 --- [           main] o.s.b.f.s.DefaultListableBeanFactory     : Returning cached instance of singleton bean 'autoConfigurationReport'
2016-12-30 00:38:57.290 DEBUG 4276 --- [           main] o.s.b.f.s.DefaultListableBeanFactory     : Returning cached instance of singleton bean 'autoConfigurationReport'
2016-12-30 00:38:57.293 DEBUG 4276 --- [           main] o.s.c.e.PropertySourcesPropertyResolver  : Found key 'spring.jmx.enabled' in [Inlined Test Properties] with type [String]
2016-12-30 00:38:57.293 DEBUG 4276 --- [           main] o.s.b.f.s.DefaultListableBeanFactory     : Returning cached instance of singleton bean 'autoConfigurationReport'
2016-12-30 00:38:57.294 DEBUG 4276 --- [           main] o.s.b.f.s.DefaultListableBeanFactory     : Returning cached instance of singleton bean 'autoConfigurationReport'
2016-12-30 00:38:57.296 DEBUG 4276 --- [           main] o.s.b.f.s.DefaultListableBeanFactory     : Returning cached instance of singleton bean 'autoConfigurationReport'
2016-12-30 00:38:57.297 DEBUG 4276 --- [           main] o.s.b.f.s.DefaultListableBeanFactory     : Returning cached instance of singleton bean 'autoConfigurationReport'
2016-12-30 00:38:57.299 DEBUG 4276 --- [           main] o.s.b.f.s.DefaultListableBeanFactory     : Returning cached instance of singleton bean 'autoConfigurationReport'
2016-12-30 00:38:57.300 DEBUG 4276 --- [           main] o.s.b.f.s.DefaultListableBeanFactory     : Returning cached instance of singleton bean 'autoConfigurationReport'
2016-12-30 00:38:57.302 DEBUG 4276 --- [           main] o.s.b.f.s.DefaultListableBeanFactory     : Returning cached instance of singleton bean 'autoConfigurationReport'
2016-12-30 00:38:57.303 DEBUG 4276 --- [           main] o.s.b.f.s.DefaultListableBeanFactory     : Returning cached instance of singleton bean 'autoConfigurationReport'
2016-12-30 00:38:57.307 DEBUG 4276 --- [           main] o.s.b.f.s.DefaultListableBeanFactory     : Returning cached instance of singleton bean 'autoConfigurationReport'
2016-12-30 00:38:57.309 DEBUG 4276 --- [           main] o.s.b.f.s.DefaultListableBeanFactory     : Returning cached instance of singleton bean 'autoConfigurationReport'
2016-12-30 00:38:57.311 DEBUG 4276 --- [           main] o.s.b.f.s.DefaultListableBeanFactory     : Returning cached instance of singleton bean 'autoConfigurationReport'
2016-12-30 00:38:57.312 DEBUG 4276 --- [           main] o.s.b.f.s.DefaultListableBeanFactory     : Returning cached instance of singleton bean 'autoConfigurationReport'
2016-12-30 00:38:57.316 DEBUG 4276 --- [           main] o.s.b.f.s.DefaultListableBeanFactory     : Returning cached instance of singleton bean 'autoConfigurationReport'
2016-12-30 00:38:57.347 DEBUG 4276 --- [           main] o.s.b.f.s.DefaultListableBeanFactory     : Returning cached instance of singleton bean 'autoConfigurationReport'
2016-12-30 00:38:57.379 DEBUG 4276 --- [           main] o.s.b.f.s.DefaultListableBeanFactory     : Returning cached instance of singleton bean 'autoConfigurationReport'
2016-12-30 00:38:57.382 DEBUG 4276 --- [           main] o.s.b.f.s.DefaultListableBeanFactory     : Returning cached instance of singleton bean 'autoConfigurationReport'
2016-12-30 00:38:57.383 DEBUG 4276 --- [           main] o.s.b.f.s.DefaultListableBeanFactory     : Returning cached instance of singleton bean 'autoConfigurationReport'
2016-12-30 00:38:57.385 DEBUG 4276 --- [           main] o.s.b.f.s.DefaultListableBeanFactory     : Returning cached instance of singleton bean 'autoConfigurationReport'
2016-12-30 00:38:57.387 DEBUG 4276 --- [           main] o.s.b.f.s.DefaultListableBeanFactory     : Returning cached instance of singleton bean 'autoConfigurationReport'
2016-12-30 00:38:57.388 DEBUG 4276 --- [           main] o.s.b.f.s.DefaultListableBeanFactory     : Returning cached instance of singleton bean 'autoConfigurationReport'
2016-12-30 00:38:57.393 DEBUG 4276 --- [           main] o.s.b.f.s.DefaultListableBeanFactory     : Returning cached instance of singleton bean 'autoConfigurationReport'
2016-12-30 00:38:57.395 DEBUG 4276 --- [           main] o.s.b.f.s.DefaultListableBeanFactory     : Returning cached instance of singleton bean 'autoConfigurationReport'
2016-12-30 00:38:57.396 DEBUG 4276 --- [           main] o.s.b.f.s.DefaultListableBeanFactory     : Returning cached instance of singleton bean 'autoConfigurationReport'
2016-12-30 00:38:57.398 DEBUG 4276 --- [           main] o.s.b.f.s.DefaultListableBeanFactory     : Returning cached instance of singleton bean 'autoConfigurationReport'
2016-12-30 00:38:57.404 DEBUG 4276 --- [           main] o.s.b.f.s.DefaultListableBeanFactory     : Returning cached instance of singleton bean 'autoConfigurationReport'
2016-12-30 00:38:57.405 DEBUG 4276 --- [           main] o.s.b.f.s.DefaultListableBeanFactory     : Returning cached instance of singleton bean 'autoConfigurationReport'
2016-12-30 00:38:57.406 DEBUG 4276 --- [           main] o.s.b.f.s.DefaultListableBeanFactory     : Returning cached instance of singleton bean 'autoConfigurationReport'
2016-12-30 00:38:57.408 DEBUG 4276 --- [           main] o.s.b.f.s.DefaultListableBeanFactory     : Returning cached instance of singleton bean 'autoConfigurationReport'
2016-12-30 00:38:57.410 DEBUG 4276 --- [           main] o.s.b.f.s.DefaultListableBeanFactory     : Returning cached instance of singleton bean 'autoConfigurationReport'
[...]
	at org.springframework.beans.factory.support.BeanDefinitionValueResolver.resolveReference(BeanDefinitionValueResolver.java:359) ~[spring-beans-4.3.4.RELEASE.jar:4.3.4.RELEASE]
	at org.springframework.beans.factory.support.BeanDefinitionValueResolver.resolveValueIfNecessary(BeanDefinitionValueResolver.java:108) ~[spring-beans-4.3.4.RELEASE.jar:4.3.4.RELEASE]
	at org.springframework.beans.factory.support.AbstractAutowireCapableBeanFactory.applyPropertyValues(AbstractAutowireCapableBeanFactory.java:1486) ~[spring-beans-4.3.4.RELEASE.jar:4.3.4.RELEASE]
	at org.springframework.beans.factory.support.AbstractAutowireCapableBeanFactory.populateBean(AbstractAutowireCapableBeanFactory.java:1231) ~[spring-beans-4.3.4.RELEASE.jar:4.3.4.RELEASE]
	at org.springframework.beans.factory.support.AbstractAutowireCapableBeanFactory.doCreateBean(AbstractAutowireCapableBeanFactory.java:551) ~[spring-beans-4.3.4.RELEASE.jar:4.3.4.RELEASE]
	at org.springframework.beans.factory.support.AbstractAutowireCapableBeanFactory.createBean(AbstractAutowireCapableBeanFactory.java:482) ~[spring-beans-4.3.4.RELEASE.jar:4.3.4.RELEASE]
	at org.springframework.beans.factory.support.AbstractBeanFactory$1.getObject(AbstractBeanFactory.java:306) ~[spring-beans-4.3.4.RELEASE.jar:4.3.4.RELEASE]
	at org.springframework.beans.factory.support.DefaultSingletonBeanRegistry.getSingleton(DefaultSingletonBeanRegistry.java:230) ~[spring-beans-4.3.4.RELEASE.jar:4.3.4.RELEASE]
	at org.springframework.beans.factory.support.AbstractBeanFactory.doGetBean(AbstractBeanFactory.java:302) ~[spring-beans-4.3.4.RELEASE.jar:4.3.4.RELEASE]
	at org.springframework.beans.factory.support.AbstractBeanFactory.getBean(AbstractBeanFactory.java:197) ~[spring-beans-4.3.4.RELEASE.jar:4.3.4.RELEASE]
	at org.springframework.beans.factory.support.DefaultListableBeanFactory.preInstantiateSingletons(DefaultListableBeanFactory.java:754) ~[spring-beans-4.3.4.RELEASE.jar:4.3.4.RELEASE]
	at org.springframework.context.support.AbstractApplicationContext.finishBeanFactoryInitialization(AbstractApplicationContext.java:866) ~[spring-context-4.3.4.RELEASE.jar:4.3.4.RELEASE]
	at org.springframework.context.support.AbstractApplicationContext.refresh(AbstractApplicationContext.java:542) ~[spring-context-4.3.4.RELEASE.jar:4.3.4.RELEASE]
	at org.springframework.boot.SpringApplication.refresh(SpringApplication.java:761) ~[spring-boot-1.4.2.RELEASE.jar:1.4.2.RELEASE]
	at org.springframework.boot.SpringApplication.refreshContext(SpringApplication.java:371) ~[spring-boot-1.4.2.RELEASE.jar:1.4.2.RELEASE]
	at org.springframework.boot.SpringApplication.run(SpringApplication.java:315) ~[spring-boot-1.4.2.RELEASE.jar:1.4.2.RELEASE]
	at org.springframework.boot.test.context.SpringBootContextLoader.loadContext(SpringBootContextLoader.java:111) [spring-boot-test-1.4.2.RELEASE.jar:1.4.2.RELEASE]
	at org.springframework.test.context.cache.DefaultCacheAwareContextLoaderDelegate.loadContextInternal(DefaultCacheAwareContextLoaderDelegate.java:98) [spring-test-4.3.4.RELEASE.jar:4.3.4.RELEASE]
	at org.springframework.test.context.cache.DefaultCacheAwareContextLoaderDelegate.loadContext(DefaultCacheAwareContextLoaderDelegate.java:116) [spring-test-4.3.4.RELEASE.jar:4.3.4.RELEASE]
	at org.springframework.test.context.support.DefaultTestContext.getApplicationContext(DefaultTestContext.java:83) [spring-test-4.3.4.RELEASE.jar:4.3.4.RELEASE]
	at org.springframework.boot.test.autoconfigure.SpringBootDependencyInjectionTestExecutionListener.prepareTestInstance(SpringBootDependencyInjectionTestExecutionListener.java:47) [spring-boot-test-autoconfigure-1.4.2.RELEASE.jar:1.4.2.RELEASE]
	at org.springframework.test.context.TestContextManager.prepareTestInstance(TestContextManager.java:230) [spring-test-4.3.4.RELEASE.jar:4.3.4.RELEASE]
	at org.springframework.test.context.junit4.SpringJUnit4ClassRunner.createTest(SpringJUnit4ClassRunner.java:228) [spring-test-4.3.4.RELEASE.jar:4.3.4.RELEASE]
	at org.springframework.test.context.junit4.SpringJUnit4ClassRunner$1.runReflectiveCall(SpringJUnit4ClassRunner.java:287) [spring-test-4.3.4.RELEASE.jar:4.3.4.RELEASE]
	at org.junit.internal.runners.model.ReflectiveCallable.run(ReflectiveCallable.java:12) [junit-4.12.jar:4.12]
	at org.springframework.test.context.junit4.SpringJUnit4ClassRunner.methodBlock(SpringJUnit4ClassRunner.java:289) [spring-test-4.3.4.RELEASE.jar:4.3.4.RELEASE]
	at org.springframework.test.context.junit4.SpringJUnit4ClassRunner.runChild(SpringJUnit4ClassRunner.java:247) [spring-test-4.3.4.RELEASE.jar:4.3.4.RELEASE]
	at org.springframework.test.context.junit4.SpringJUnit4ClassRunner.runChild(SpringJUnit4ClassRunner.java:94) [spring-test-4.3.4.RELEASE.jar:4.3.4.RELEASE]
	at org.junit.runners.ParentRunner$3.run(ParentRunner.java:290) [junit-4.12.jar:4.12]
	at org.junit.runners.ParentRunner$1.schedule(ParentRunner.java:71) [junit-4.12.jar:4.12]
	at org.junit.runners.ParentRunner.runChildren(ParentRunner.java:288) [junit-4.12.jar:4.12]
	at org.junit.runners.ParentRunner.access$000(ParentRunner.java:58) [junit-4.12.jar:4.12]
	at org.junit.runners.ParentRunner$2.evaluate(ParentRunner.java:268) [junit-4.12.jar:4.12]
	at org.springframework.test.context.junit4.statements.RunBeforeTestClassCallbacks.evaluate(RunBeforeTestClassCallbacks.java:61) [spring-test-4.3.4.RELEASE.jar:4.3.4.RELEASE]
	at org.springframework.test.context.junit4.statements.RunAfterTestClassCallbacks.evaluate(RunAfterTestClassCallbacks.java:70) [spring-test-4.3.4.RELEASE.jar:4.3.4.RELEASE]
	at org.junit.runners.ParentRunner.run(ParentRunner.java:363) [junit-4.12.jar:4.12]
	at org.springframework.test.context.junit4.SpringJUnit4ClassRunner.run(SpringJUnit4ClassRunner.java:191) [spring-test-4.3.4.RELEASE.jar:4.3.4.RELEASE]
	at org.apache.maven.surefire.junit4.JUnit4Provider.execute(JUnit4Provider.java:283) [surefire-junit4-2.18.1.jar:2.18.1]
	at org.apache.maven.surefire.junit4.JUnit4Provider.executeWithRerun(JUnit4Provider.java:173) [surefire-junit4-2.18.1.jar:2.18.1]
	at org.apache.maven.surefire.junit4.JUnit4Provider.executeTestSet(JUnit4Provider.java:153) [surefire-junit4-2.18.1.jar:2.18.1]
	at org.apache.maven.surefire.junit4.JUnit4Provider.invoke(JUnit4Provider.java:128) [surefire-junit4-2.18.1.jar:2.18.1]
	at org.apache.maven.surefire.booter.ForkedBooter.invokeProviderInSameClassLoader(ForkedBooter.java:203) [surefire-booter-2.18.1.jar:2.18.1]
	at org.apache.maven.surefire.booter.ForkedBooter.runSuitesInProcess(ForkedBooter.java:155) [surefire-booter-2.18.1.jar:2.18.1]
	at org.apache.maven.surefire.booter.ForkedBooter.main(ForkedBooter.java:103) [surefire-booter-2.18.1.jar:2.18.1]
Caused by: org.springframework.beans.factory.CannotLoadBeanClassException: Cannot find class [com.didispace.service.impl.ComputeServiceImpl] for bean with name 'computeService' defined in class path resource [dubbo.xml]; nested exception is java.lang.ClassNotFoundException: com.didispace.service.impl.ComputeServiceImpl
	at org.springframework.beans.factory.support.AbstractBeanFactory.resolveBeanClass(AbstractBeanFactory.java:1361) ~[spring-beans-4.3.4.RELEASE.jar:4.3.4.RELEASE]
	at org.springframework.beans.factory.support.AbstractAutowireCapableBeanFactory.createBean(AbstractAutowireCapableBeanFactory.java:455) ~[spring-beans-4.3.4.RELEASE.jar:4.3.4.RELEASE]
	at org.springframework.beans.factory.support.AbstractBeanFactory$1.getObject(AbstractBeanFactory.java:306) ~[spring-beans-4.3.4.RELEASE.jar:4.3.4.RELEASE]
	at org.springframework.beans.factory.support.DefaultSingletonBeanRegistry.getSingleton(DefaultSingletonBeanRegistry.java:230) ~[spring-beans-4.3.4.RELEASE.jar:4.3.4.RELEASE]
	at org.springframework.beans.factory.support.AbstractBeanFactory.doGetBean(AbstractBeanFactory.java:302) ~[spring-beans-4.3.4.RELEASE.jar:4.3.4.RELEASE]
	at org.springframework.beans.factory.support.AbstractBeanFactory.getBean(AbstractBeanFactory.java:197) ~[spring-beans-4.3.4.RELEASE.jar:4.3.4.RELEASE]
	at org.springframework.beans.factory.support.BeanDefinitionValueResolver.resolveReference(BeanDefinitionValueResolver.java:351) ~[spring-beans-4.3.4.RELEASE.jar:4.3.4.RELEASE]
	... 43 common frames omitted
Caused by: java.lang.ClassNotFoundException: com.didispace.service.impl.ComputeServiceImpl
	at java.net.URLClassLoader.findClass(URLClassLoader.java:381) ~[na:1.8.0_112]
	at java.lang.ClassLoader.loadClass(ClassLoader.java:424) ~[na:1.8.0_112]
	at sun.misc.Launcher$AppClassLoader.loadClass(Launcher.java:331) ~[na:1.8.0_112]
	at java.lang.ClassLoader.loadClass(ClassLoader.java:357) ~[na:1.8.0_112]
	at org.springframework.util.ClassUtils.forName(ClassUtils.java:250) ~[spring-core-4.3.4.RELEASE.jar:4.3.4.RELEASE]
	at org.springframework.beans.factory.support.AbstractBeanDefinition.resolveBeanClass(AbstractBeanDefinition.java:394) ~[spring-beans-4.3.4.RELEASE.jar:4.3.4.RELEASE]
	at org.springframework.beans.factory.support.AbstractBeanFactory.doResolveBeanClass(AbstractBeanFactory.java:1408) ~[spring-beans-4.3.4.RELEASE.jar:4.3.4.RELEASE]
	at org.springframework.beans.factory.support.AbstractBeanFactory.resolveBeanClass(AbstractBeanFactory.java:1353) ~[spring-beans-4.3.4.RELEASE.jar:4.3.4.RELEASE]
	... 49 common frames omitted

2016-12-30 00:39:00.234 ERROR 4276 --- [           main] o.s.test.context.TestContextManager      : Caught exception while allowing TestExecutionListener [org.springframework.boot.test.autoconfigure.SpringBootDependencyInjectionTestExecutionListener@e720b71] to prepare test instance [org.github.guide.service.impl.ComputeServiceImplTest@13eb8acf]

java.lang.IllegalStateException: Failed to load ApplicationContext
	at org.springframework.test.context.cache.DefaultCacheAwareContextLoaderDelegate.loadContext(DefaultCacheAwareContextLoaderDelegate.java:124) ~[spring-test-4.3.4.RELEASE.jar:4.3.4.RELEASE]
	at org.springframework.test.context.support.DefaultTestContext.getApplicationContext(DefaultTestContext.java:83) ~[spring-test-4.3.4.RELEASE.jar:4.3.4.RELEASE]
	at org.springframework.boot.test.autoconfigure.SpringBootDependencyInjectionTestExecutionListener.prepareTestInstance(SpringBootDependencyInjectionTestExecutionListener.java:47) ~[spring-boot-test-autoconfigure-1.4.2.RELEASE.jar:1.4.2.RELEASE]
	at org.springframework.test.context.TestContextManager.prepareTestInstance(TestContextManager.java:230) ~[spring-test-4.3.4.RELEASE.jar:4.3.4.RELEASE]
	at org.springframework.test.context.junit4.SpringJUnit4ClassRunner.createTest(SpringJUnit4ClassRunner.java:228) [spring-test-4.3.4.RELEASE.jar:4.3.4.RELEASE]
	at org.springframework.test.context.junit4.SpringJUnit4ClassRunner$1.runReflectiveCall(SpringJUnit4ClassRunner.java:287) [spring-test-4.3.4.RELEASE.jar:4.3.4.RELEASE]
	at org.junit.internal.runners.model.ReflectiveCallable.run(ReflectiveCallable.java:12) [junit-4.12.jar:4.12]
	at org.springframework.test.context.junit4.SpringJUnit4ClassRunner.methodBlock(SpringJUnit4ClassRunner.java:289) [spring-test-4.3.4.RELEASE.jar:4.3.4.RELEASE]
	at org.springframework.test.context.junit4.SpringJUnit4ClassRunner.runChild(SpringJUnit4ClassRunner.java:247) [spring-test-4.3.4.RELEASE.jar:4.3.4.RELEASE]
	at org.springframework.test.context.junit4.SpringJUnit4ClassRunner.runChild(SpringJUnit4ClassRunner.java:94) [spring-test-4.3.4.RELEASE.jar:4.3.4.RELEASE]
	at org.junit.runners.ParentRunner$3.run(ParentRunner.java:290) [junit-4.12.jar:4.12]
	at org.junit.runners.ParentRunner$1.schedule(ParentRunner.java:71) [junit-4.12.jar:4.12]
	at org.junit.runners.ParentRunner.runChildren(ParentRunner.java:288) [junit-4.12.jar:4.12]
	at org.junit.runners.ParentRunner.access$000(ParentRunner.java:58) [junit-4.12.jar:4.12]
	at org.junit.runners.ParentRunner$2.evaluate(ParentRunner.java:268) [junit-4.12.jar:4.12]
	at org.springframework.test.context.junit4.statements.RunBeforeTestClassCallbacks.evaluate(RunBeforeTestClassCallbacks.java:61) [spring-test-4.3.4.RELEASE.jar:4.3.4.RELEASE]
	at org.springframework.test.context.junit4.statements.RunAfterTestClassCallbacks.evaluate(RunAfterTestClassCallbacks.java:70) [spring-test-4.3.4.RELEASE.jar:4.3.4.RELEASE]
	at org.junit.runners.ParentRunner.run(ParentRunner.java:363) [junit-4.12.jar:4.12]
	at org.springframework.test.context.junit4.SpringJUnit4ClassRunner.run(SpringJUnit4ClassRunner.java:191) [spring-test-4.3.4.RELEASE.jar:4.3.4.RELEASE]
	at org.apache.maven.surefire.junit4.JUnit4Provider.execute(JUnit4Provider.java:283) [surefire-junit4-2.18.1.jar:2.18.1]
	at org.apache.maven.surefire.junit4.JUnit4Provider.executeWithRerun(JUnit4Provider.java:173) [surefire-junit4-2.18.1.jar:2.18.1]
	at org.apache.maven.surefire.junit4.JUnit4Provider.executeTestSet(JUnit4Provider.java:153) [surefire-junit4-2.18.1.jar:2.18.1]
	at org.apache.maven.surefire.junit4.JUnit4Provider.invoke(JUnit4Provider.java:128) [surefire-junit4-2.18.1.jar:2.18.1]
	at org.apache.maven.surefire.booter.ForkedBooter.invokeProviderInSameClassLoader(ForkedBooter.java:203) [surefire-booter-2.18.1.jar:2.18.1]
	at org.apache.maven.surefire.booter.ForkedBooter.runSuitesInProcess(ForkedBooter.java:155) [surefire-booter-2.18.1.jar:2.18.1]
	at org.apache.maven.surefire.booter.ForkedBooter.main(ForkedBooter.java:103) [surefire-booter-2.18.1.jar:2.18.1]
Caused by: org.springframework.beans.factory.BeanCreationException: Error creating bean with name 'com.didispace.service.ComputeService': Cannot resolve reference to bean 'computeService' while setting bean property 'ref'; nested exception is org.springframework.beans.factory.CannotLoadBeanClassException: Cannot find class [com.didispace.service.impl.ComputeServiceImpl] for bean with name 'computeService' defined in class path resource [dubbo.xml]; nested exception is java.lang.ClassNotFoundException: com.didispace.service.impl.ComputeServiceImpl
	at org.springframework.beans.factory.support.BeanDefinitionValueResolver.resolveReference(BeanDefinitionValueResolver.java:359) ~[spring-beans-4.3.4.RELEASE.jar:4.3.4.RELEASE]
	at org.springframework.beans.factory.support.BeanDefinitionValueResolver.resolveValueIfNecessary(BeanDefinitionValueResolver.java:108) ~[spring-beans-4.3.4.RELEASE.jar:4.3.4.RELEASE]
	at org.springframework.beans.factory.support.AbstractAutowireCapableBeanFactory.applyPropertyValues(AbstractAutowireCapableBeanFactory.java:1486) ~[spring-beans-4.3.4.RELEASE.jar:4.3.4.RELEASE]
	at org.springframework.beans.factory.support.AbstractAutowireCapableBeanFactory.populateBean(AbstractAutowireCapableBeanFactory.java:1231) ~[spring-beans-4.3.4.RELEASE.jar:4.3.4.RELEASE]
	at org.springframework.beans.factory.support.AbstractAutowireCapableBeanFactory.doCreateBean(AbstractAutowireCapableBeanFactory.java:551) ~[spring-beans-4.3.4.RELEASE.jar:4.3.4.RELEASE]
	at org.springframework.beans.factory.support.AbstractAutowireCapableBeanFactory.createBean(AbstractAutowireCapableBeanFactory.java:482) ~[spring-beans-4.3.4.RELEASE.jar:4.3.4.RELEASE]
	at org.springframework.beans.factory.support.AbstractBeanFactory$1.getObject(AbstractBeanFactory.java:306) ~[spring-beans-4.3.4.RELEASE.jar:4.3.4.RELEASE]
	at org.springframework.beans.factory.support.DefaultSingletonBeanRegistry.getSingleton(DefaultSingletonBeanRegistry.java:230) ~[spring-beans-4.3.4.RELEASE.jar:4.3.4.RELEASE]
	at org.springframework.beans.factory.support.AbstractBeanFactory.doGetBean(AbstractBeanFactory.java:302) ~[spring-beans-4.3.4.RELEASE.jar:4.3.4.RELEASE]
	at org.springframework.beans.factory.support.AbstractBeanFactory.getBean(AbstractBeanFactory.java:197) ~[spring-beans-4.3.4.RELEASE.jar:4.3.4.RELEASE]
	at org.springframework.beans.factory.support.DefaultListableBeanFactory.preInstantiateSingletons(DefaultListableBeanFactory.java:754) ~[spring-beans-4.3.4.RELEASE.jar:4.3.4.RELEASE]
	at org.springframework.context.support.AbstractApplicationContext.finishBeanFactoryInitialization(AbstractApplicationContext.java:866) ~[spring-context-4.3.4.RELEASE.jar:4.3.4.RELEASE]
	at org.springframework.context.support.AbstractApplicationContext.refresh(AbstractApplicationContext.java:542) ~[spring-context-4.3.4.RELEASE.jar:4.3.4.RELEASE]
	at org.springframework.boot.SpringApplication.refresh(SpringApplication.java:761) ~[spring-boot-1.4.2.RELEASE.jar:1.4.2.RELEASE]
	at org.springframework.boot.SpringApplication.refreshContext(SpringApplication.java:371) ~[spring-boot-1.4.2.RELEASE.jar:1.4.2.RELEASE]
	at org.springframework.boot.SpringApplication.run(SpringApplication.java:315) ~[spring-boot-1.4.2.RELEASE.jar:1.4.2.RELEASE]
	at org.springframework.boot.test.context.SpringBootContextLoader.loadContext(SpringBootContextLoader.java:111) ~[spring-boot-test-1.4.2.RELEASE.jar:1.4.2.RELEASE]
	at org.springframework.test.context.cache.DefaultCacheAwareContextLoaderDelegate.loadContextInternal(DefaultCacheAwareContextLoaderDelegate.java:98) ~[spring-test-4.3.4.RELEASE.jar:4.3.4.RELEASE]
	at org.springframework.test.context.cache.DefaultCacheAwareContextLoaderDelegate.loadContext(DefaultCacheAwareContextLoaderDelegate.java:116) ~[spring-test-4.3.4.RELEASE.jar:4.3.4.RELEASE]
	... 25 common frames omitted
Caused by: org.springframework.beans.factory.CannotLoadBeanClassException: Cannot find class [com.didispace.service.impl.ComputeServiceImpl] for bean with name 'computeService' defined in class path resource [dubbo.xml]; nested exception is java.lang.ClassNotFoundException: com.didispace.service.impl.ComputeServiceImpl
	at org.springframework.beans.factory.support.AbstractBeanFactory.resolveBeanClass(AbstractBeanFactory.java:1361) ~[spring-beans-4.3.4.RELEASE.jar:4.3.4.RELEASE]
	at org.springframework.beans.factory.support.AbstractAutowireCapableBeanFactory.createBean(AbstractAutowireCapableBeanFactory.java:455) ~[spring-beans-4.3.4.RELEASE.jar:4.3.4.RELEASE]
	at org.springframework.beans.factory.support.AbstractBeanFactory$1.getObject(AbstractBeanFactory.java:306) ~[spring-beans-4.3.4.RELEASE.jar:4.3.4.RELEASE]
	at org.springframework.beans.factory.support.DefaultSingletonBeanRegistry.getSingleton(DefaultSingletonBeanRegistry.java:230) ~[spring-beans-4.3.4.RELEASE.jar:4.3.4.RELEASE]
	at org.springframework.beans.factory.support.AbstractBeanFactory.doGetBean(AbstractBeanFactory.java:302) ~[spring-beans-4.3.4.RELEASE.jar:4.3.4.RELEASE]
	at org.springframework.beans.factory.support.AbstractBeanFactory.getBean(AbstractBeanFactory.java:197) ~[spring-beans-4.3.4.RELEASE.jar:4.3.4.RELEASE]
	at org.springframework.beans.factory.support.BeanDefinitionValueResolver.resolveReference(BeanDefinitionValueResolver.java:351) ~[spring-beans-4.3.4.RELEASE.jar:4.3.4.RELEASE]
	... 43 common frames omitted
Caused by: java.lang.ClassNotFoundException: com.didispace.service.impl.ComputeServiceImpl
	at java.net.URLClassLoader.findClass(URLClassLoader.java:381) ~[na:1.8.0_112]
	at java.lang.ClassLoader.loadClass(ClassLoader.java:424) ~[na:1.8.0_112]
	at sun.misc.Launcher$AppClassLoader.loadClass(Launcher.java:331) ~[na:1.8.0_112]
	at java.lang.ClassLoader.loadClass(ClassLoader.java:357) ~[na:1.8.0_112]
	at org.springframework.util.ClassUtils.forName(ClassUtils.java:250) ~[spring-core-4.3.4.RELEASE.jar:4.3.4.RELEASE]
	at org.springframework.beans.factory.support.AbstractBeanDefinition.resolveBeanClass(AbstractBeanDefinition.java:394) ~[spring-beans-4.3.4.RELEASE.jar:4.3.4.RELEASE]
	at org.springframework.beans.factory.support.AbstractBeanFactory.doResolveBeanClass(AbstractBeanFactory.java:1408) ~[spring-beans-4.3.4.RELEASE.jar:4.3.4.RELEASE]
	at org.springframework.beans.factory.support.AbstractBeanFactory.resolveBeanClass(AbstractBeanFactory.java:1353) ~[spring-beans-4.3.4.RELEASE.jar:4.3.4.RELEASE]
	... 49 common frames omitted

]]></system-out>
  </testcase>
</testsuite>